Log file open, 05/05/18 19:36:53
LogWindows: Failed to load 'aqProf.dll' (GetLastError=126)
LogWindows: File 'aqProf.dll' does not exist
LogWindows: Failed to load 'VtuneApi.dll' (GetLastError=126)
LogWindows: File 'VtuneApi.dll' does not exist
LogWindows: Failed to load 'VtuneApi32e.dll' (GetLastError=126)
LogWindows: File 'VtuneApi32e.dll' does not exist
LogInit: Display: Running engine for game: Katt
LogPlatformFile: Not using cached read wrapper
LogInit: Display: RandInit(-314613644) SRandInit(-314613644).
LogInit: Read version file with build ID '3944462'
LogInit: Overriding engine version to CL 4033788, compatible CL 3944462
LogInit: Registered custom module enumerator with build ID '3944462'
LogTaskGraph: Started task graph with 5 named threads and 23 total threads with 3 sets of task threads.
LogStats: Stats thread started at 0.270411
LogD3D11RHI: Aftermath initialized
LogICUInternationalization: Display: ICU TimeZone Detection - Raw Offset: +1:00, Platform Override: ''
LogModuleManager: Display: Found up-to-date module file ../../../Engine/Plugins/2D/Paper2D/Binaries/Win64/UE4Editor-Paper2D.dll (API version 3944462).
LogModuleManager: Display: Found up-to-date module file ../../../Engine/Plugins/2D/Paper2D/Binaries/Win64/UE4Editor-Paper2DEditor.dll (API version 3944462).
LogModuleManager: Display: Found up-to-date module file ../../../Engine/Plugins/2D/Paper2D/Binaries/Win64/UE4Editor-PaperSpriteSheetImporter.dll (API version 3944462).
LogModuleManager: Display: Found up-to-date module file ../../../Engine/Plugins/2D/Paper2D/Binaries/Win64/UE4Editor-PaperTiledImporter.dll (API version 3944462).
LogModuleManager: Display: Found up-to-date module file ../../../Engine/Plugins/2D/Paper2D/Binaries/Win64/UE4Editor-SmartSnapping.dll (API version 3944462).
LogModuleManager: Display: Found up-to-date module file ../../../Engine/Plugins/Blendables/LightPropagationVolume/Binaries/Win64/UE4Editor-LightPropagationVolumeRuntime.dll (API version 3944462).
LogModuleManager: Display: Found up-to-date module file ../../../Engine/Plugins/Blendables/LightPropagationVolume/Binaries/Win64/UE4Editor-LightPropagationVolumeEditor.dll (API version 3944462).
LogModuleManager: Display: Found up-to-date module file ../../../Engine/Plugins/Developer/CLionSourceCodeAccess/Binaries/Win64/UE4Editor-CLionSourceCodeAccess.dll (API version 3944462).
LogModuleManager: Display: Found up-to-date module file ../../../Engine/Plugins/Developer/GitSourceControl/Binaries/Win64/UE4Editor-GitSourceControl.dll (API version 3944462).
LogModuleManager: Display: Found up-to-date module file ../../../Engine/Plugins/Developer/PerforceSourceControl/Binaries/Win64/UE4Editor-PerforceSourceControl.dll (API version 3944462).
LogModuleManager: Display: Found up-to-date module file ../../../Engine/Plugins/Developer/SubversionSourceControl/Binaries/Win64/UE4Editor-SubversionSourceControl.dll (API version 3944462).
LogModuleManager: Display: Found up-to-date module file ../../../Engine/Plugins/Developer/UObjectPlugin/Binaries/Win64/UE4Editor-UObjectPlugin.dll (API version 3944462).
LogModuleManager: Display: Found up-to-date module file ../../../Engine/Plugins/Developer/VisualStudioCodeSourceCodeAccess/Binaries/Win64/UE4Editor-VisualStudioCodeSourceCodeAccess.dll (API version 3944462).
LogModuleManager: Display: Found up-to-date module file ../../../Engine/Plugins/Developer/VisualStudioSourceCodeAccess/Binaries/Win64/UE4Editor-VisualStudioSourceCodeAccess.dll (API version 3944462).
LogModuleManager: Display: Found up-to-date module file ../../../Engine/Plugins/Editor/AssetManagerEditor/Binaries/Win64/UE4Editor-AssetManagerEditor.dll (API version 3944462).
LogModuleManager: Display: Found up-to-date module file ../../../Engine/Plugins/Editor/CryptoKeys/Binaries/Win64/UE4Editor-CryptoKeys.dll (API version 3944462).
LogModuleManager: Display: Found up-to-date module file ../../../Engine/Plugins/Editor/CryptoKeys/Binaries/Win64/UE4Editor-CryptoKeysOpenSSL.dll (API version 3944462).
LogModuleManager: Display: Found up-to-date module file ../../../Engine/Plugins/Editor/DataValidation/Binaries/Win64/UE4Editor-DataValidation.dll (API version 3944462).
LogModuleManager: Display: Found up-to-date module file ../../../Engine/Plugins/Editor/FacialAnimation/Binaries/Win64/UE4Editor-FacialAnimation.dll (API version 3944462).
LogModuleManager: Display: Found up-to-date module file ../../../Engine/Plugins/Editor/FacialAnimation/Binaries/Win64/UE4Editor-FacialAnimationEditor.dll (API version 3944462).
LogModuleManager: Display: Found up-to-date module file ../../../Engine/Plugins/Editor/GameplayTagsEditor/Binaries/Win64/UE4Editor-GameplayTagsEditor.dll (API version 3944462).
LogModuleManager: Display: Found up-to-date module file ../../../Engine/Plugins/Editor/MobileLauncherProfileWizard/Binaries/Win64/UE4Editor-MobileLauncherProfileWizard.dll (API version 3944462).
LogModuleManager: Display: Found up-to-date module file ../../../Engine/Plugins/Editor/PluginBrowser/Binaries/Win64/UE4Editor-PluginBrowser.dll (API version 3944462).
LogModuleManager: Display: Found up-to-date module file ../../../Engine/Plugins/Editor/SpeedTreeImporter/Binaries/Win64/UE4Editor-SpeedTreeImporter.dll (API version 3944462).
LogModuleManager: Display: Found up-to-date module file ../../../Engine/Plugins/Enterprise/DatasmithContent/Binaries/Win64/UE4Editor-DatasmithContent.dll (API version 3944462).
LogModuleManager: Display: Found up-to-date module file ../../../Engine/Plugins/Experimental/AlembicImporter/Binaries/Win64/UE4Editor-AlembicImporter.dll (API version 3944462).
LogModuleManager: Display: Found up-to-date module file ../../../Engine/Plugins/Experimental/AlembicImporter/Binaries/Win64/UE4Editor-AlembicLibrary.dll (API version 3944462).
LogModuleManager: Display: Found up-to-date module file ../../../Engine/Plugins/Experimental/CharacterAI/Binaries/Win64/UE4Editor-CharacterAI.dll (API version 3944462).
LogModuleManager: Display: Found up-to-date module file ../../../Engine/Plugins/Experimental/HTML5Networking/Binaries/Win64/UE4Editor-HTML5Networking.dll (API version 3944462).
LogModuleManager: Display: Found up-to-date module file ../../../Engine/Plugins/Media/AndroidMedia/Binaries/Win64/UE4Editor-AndroidMediaEditor.dll (API version 3944462).
LogModuleManager: Display: Found up-to-date module file ../../../Engine/Plugins/Media/AndroidMedia/Binaries/Win64/UE4Editor-AndroidMediaFactory.dll (API version 3944462).
LogModuleManager: Display: Found up-to-date module file ../../../Engine/Plugins/Media/AvfMedia/Binaries/Win64/UE4Editor-AvfMediaEditor.dll (API version 3944462).
LogModuleManager: Display: Found up-to-date module file ../../../Engine/Plugins/Media/AvfMedia/Binaries/Win64/UE4Editor-AvfMediaFactory.dll (API version 3944462).
LogModuleManager: Display: Found up-to-date module file ../../../Engine/Plugins/Media/AvfMedia/Binaries/Win64/UE4Editor-AvfMediaFactory.dll (API version 3944462).
LogModuleManager: Display: Found up-to-date module file ../../../Engine/Plugins/Media/ImgMedia/Binaries/Win64/UE4Editor-ImgMedia.dll (API version 3944462).
LogModuleManager: Display: Found up-to-date module file ../../../Engine/Plugins/Media/ImgMedia/Binaries/Win64/UE4Editor-ImgMediaEditor.dll (API version 3944462).
LogModuleManager: Display: Found up-to-date module file ../../../Engine/Plugins/Media/ImgMedia/Binaries/Win64/UE4Editor-ImgMediaFactory.dll (API version 3944462).
LogModuleManager: Display: Found up-to-date module file ../../../Engine/Plugins/Media/ImgMedia/Binaries/Win64/UE4Editor-ImgMediaFactory.dll (API version 3944462).
LogModuleManager: Display: Found up-to-date module file ../../../Engine/Plugins/Media/ImgMedia/Binaries/Win64/UE4Editor-OpenExrWrapper.dll (API version 3944462).
LogModuleManager: Display: Found up-to-date module file ../../../Engine/Plugins/Media/LinearTimecode/Binaries/Win64/UE4Editor-LinearTimecode.dll (API version 3944462).
LogModuleManager: Display: Found up-to-date module file ../../../Engine/Plugins/Media/MediaCompositing/Binaries/Win64/UE4Editor-MediaCompositing.dll (API version 3944462).
LogModuleManager: Display: Found up-to-date module file ../../../Engine/Plugins/Media/MediaCompositing/Binaries/Win64/UE4Editor-MediaCompositingEditor.dll (API version 3944462).
LogModuleManager: Display: Found up-to-date module file ../../../Engine/Plugins/Media/MediaPlayerEditor/Binaries/Win64/UE4Editor-MediaPlayerEditor.dll (API version 3944462).
LogModuleManager: Display: Found up-to-date module file ../../../Engine/Plugins/Media/WmfMedia/Binaries/Win64/UE4Editor-WmfMedia.dll (API version 3944462).
LogModuleManager: Display: Found up-to-date module file ../../../Engine/Plugins/Media/WmfMedia/Binaries/Win64/UE4Editor-WmfMediaEditor.dll (API version 3944462).
LogModuleManager: Display: Found up-to-date module file ../../../Engine/Plugins/Media/WmfMedia/Binaries/Win64/UE4Editor-WmfMediaFactory.dll (API version 3944462).
LogModuleManager: Display: Found up-to-date module file ../../../Engine/Plugins/Media/WmfMedia/Binaries/Win64/UE4Editor-WmfMediaFactory.dll (API version 3944462).
LogModuleManager: Display: Found up-to-date module file ../../../Engine/Plugins/Messaging/TcpMessaging/Binaries/Win64/UE4Editor-TcpMessaging.dll (API version 3944462).
LogModuleManager: Display: Found up-to-date module file ../../../Engine/Plugins/Messaging/UdpMessaging/Binaries/Win64/UE4Editor-UdpMessaging.dll (API version 3944462).
LogModuleManager: Display: Found up-to-date module file ../../../Engine/Plugins/MovieScene/ActorSequence/Binaries/Win64/UE4Editor-ActorSequence.dll (API version 3944462).
LogModuleManager: Display: Found up-to-date module file ../../../Engine/Plugins/MovieScene/LevelSequenceEditor/Binaries/Win64/UE4Editor-LevelSequenceEditor.dll (API version 3944462).
LogModuleManager: Display: Found up-to-date module file ../../../Engine/Plugins/MovieScene/MatineeToLevelSequence/Binaries/Win64/UE4Editor-MatineeToLevelSequence.dll (API version 3944462).
LogModuleManager: Display: Found up-to-date module file ../../../Engine/Plugins/NetcodeUnitTest/NetcodeUnitTest/Binaries/Win64/UE4Editor-NetcodeUnitTest.dll (API version 3944462).
LogModuleManager: Display: Found up-to-date module file ../../../Engine/Plugins/NetcodeUnitTest/NUTUnrealEngine4/Binaries/Win64/UE4Editor-NUTUnrealEngine4.dll (API version 3944462).
LogModuleManager: Display: Found up-to-date module file ../../../Engine/Plugins/Online/OnlineSubsystem/Binaries/Win64/UE4Editor-OnlineSubsystem.dll (API version 3944462).
LogModuleManager: Display: Found up-to-date module file ../../../Engine/Plugins/Runtime/AndroidPermission/Binaries/Win64/UE4Editor-AndroidPermission.dll (API version 3944462).
LogModuleManager: Display: Found up-to-date module file ../../../Engine/Plugins/Online/OnlineSubsystemNull/Binaries/Win64/UE4Editor-OnlineSubsystemNull.dll (API version 3944462).
LogModuleManager: Display: Found up-to-date module file ../../../Engine/Plugins/Online/OnlineSubsystemUtils/Binaries/Win64/UE4Editor-OnlineSubsystemUtils.dll (API version 3944462).
LogModuleManager: Display: Found up-to-date module file ../../../Engine/Plugins/Online/OnlineSubsystemUtils/Binaries/Win64/UE4Editor-OnlineBlueprintSupport.dll (API version 3944462).
LogModuleManager: Display: Found up-to-date module file ../../../Engine/Plugins/Runtime/AndroidDeviceProfileSelector/Binaries/Win64/UE4Editor-AndroidDeviceProfileSelector.dll (API version 3944462).
LogModuleManager: Display: Found up-to-date module file ../../../Engine/Plugins/Runtime/AppleARKit/Binaries/Win64/UE4Editor-AppleARKit.dll (API version 3944462).
LogModuleManager: Display: Found up-to-date module file ../../../Engine/Plugins/Runtime/ProceduralMeshComponent/Binaries/Win64/UE4Editor-ProceduralMeshComponent.dll (API version 3944462).
LogModuleManager: Display: Found up-to-date module file ../../../Engine/Plugins/Runtime/ProceduralMeshComponent/Binaries/Win64/UE4Editor-ProceduralMeshComponentEditor.dll (API version 3944462).
LogModuleManager: Display: Found up-to-date module file ../../../Engine/Plugins/Animation/LiveLink/Binaries/Win64/UE4Editor-LiveLink.dll (API version 3944462).
LogModuleManager: Display: Found up-to-date module file ../../../Engine/Plugins/Animation/LiveLink/Binaries/Win64/UE4Editor-LiveLinkEditor.dll (API version 3944462).
LogModuleManager: Display: Found up-to-date module file ../../../Engine/Plugins/Runtime/ArchVisCharacter/Binaries/Win64/UE4Editor-ArchVisCharacter.dll (API version 3944462).
LogModuleManager: Display: Found up-to-date module file ../../../Engine/Plugins/Runtime/AudioCapture/Binaries/Win64/UE4Editor-AudioCapture.dll (API version 3944462).
LogModuleManager: Display: Found up-to-date module file ../../../Engine/Plugins/Runtime/AudioCapture/Binaries/Win64/UE4Editor-AudioCaptureEditor.dll (API version 3944462).
LogModuleManager: Display: Found up-to-date module file ../../../Engine/Plugins/Runtime/CableComponent/Binaries/Win64/UE4Editor-CableComponent.dll (API version 3944462).
LogModuleManager: Display: Found up-to-date module file ../../../Engine/Plugins/Runtime/CustomMeshComponent/Binaries/Win64/UE4Editor-CustomMeshComponent.dll (API version 3944462).
LogModuleManager: Display: Found up-to-date module file ../../../Engine/Plugins/Runtime/ExampleDeviceProfileSelector/Binaries/Win64/UE4Editor-ExampleDeviceProfileSelector.dll (API version 3944462).
LogModuleManager: Display: Found up-to-date module file ../../../Engine/Plugins/Runtime/ImmediatePhysics/Binaries/Win64/UE4Editor-ImmediatePhysics.dll (API version 3944462).
LogModuleManager: Display: Found up-to-date module file ../../../Engine/Plugins/Runtime/ImmediatePhysics/Binaries/Win64/UE4Editor-ImmediatePhysicsEditor.dll (API version 3944462).
LogModuleManager: Display: Found up-to-date module file ../../../Engine/Plugins/Runtime/LocationServicesBPLibrary/Binaries/Win64/UE4Editor-LocationServicesBPLibrary.dll (API version 3944462).
LogModuleManager: Display: Found up-to-date module file ../../../Engine/Plugins/Runtime/MobilePatchingUtils/Binaries/Win64/UE4Editor-MobilePatchingUtils.dll (API version 3944462).
LogModuleManager: Display: Found up-to-date module file ../../../Engine/Plugins/Runtime/Oculus/OculusVR/Binaries/Win64/UE4Editor-OculusHMD.dll (API version 3944462).
LogModuleManager: Display: Found up-to-date module file ../../../Engine/Plugins/Runtime/Oculus/OculusVR/Binaries/Win64/UE4Editor-OculusInput.dll (API version 3944462).
LogModuleManager: Display: Found up-to-date module file ../../../Engine/Plugins/Runtime/Oculus/OculusVR/Binaries/Win64/UE4Editor-OculusEditor.dll (API version 3944462).
LogModuleManager: Display: Found up-to-date module file ../../../Engine/Plugins/Runtime/PhysXVehicles/Binaries/Win64/UE4Editor-PhysXVehicles.dll (API version 3944462).
LogModuleManager: Display: Found up-to-date module file ../../../Engine/Plugins/Runtime/PhysXVehicles/Binaries/Win64/UE4Editor-PhysXVehiclesEditor.dll (API version 3944462).
LogModuleManager: Display: Found up-to-date module file ../../../Engine/Plugins/Runtime/RuntimePhysXCooking/Binaries/Win64/UE4Editor-RuntimePhysXCooking.dll (API version 3944462).
LogModuleManager: Display: Found up-to-date module file ../../../Engine/Plugins/Runtime/Steam/SteamVR/Binaries/Win64/UE4Editor-SteamVR.dll (API version 3944462).
LogModuleManager: Display: Found up-to-date module file ../../../Engine/Plugins/Runtime/Steam/SteamVR/Binaries/Win64/UE4Editor-SteamVRController.dll (API version 3944462).
LogModuleManager: Display: Found up-to-date module file ../../../Engine/Plugins/Runtime/WindowsMoviePlayer/Binaries/Win64/UE4Editor-WindowsMoviePlayer.dll (API version 3944462).
LogPluginManager: Mounting plugin Paper2D
LogPluginManager: Mounting plugin LiveLink
LogPluginManager: Mounting plugin LightPropagationVolume
LogPluginManager: Mounting plugin CLionSourceCodeAccess
LogPluginManager: Mounting plugin CodeLiteSourceCodeAccess
LogPluginManager: Mounting plugin GitSourceControl
LogPluginManager: Mounting plugin KDevelopSourceCodeAccess
LogPluginManager: Mounting plugin NullSourceCodeAccess
LogPluginManager: Mounting plugin PerforceSourceControl
LogPluginManager: Mounting plugin SubversionSourceControl
LogPluginManager: Mounting plugin UObjectPlugin
LogPluginManager: Mounting plugin VisualStudioCodeSourceCodeAccess
LogPluginManager: Mounting plugin VisualStudioSourceCodeAccess
LogPluginManager: Mounting plugin XCodeSourceCodeAccess
LogPluginManager: Mounting plugin AssetManagerEditor
LogPluginManager: Mounting plugin CryptoKeys
LogPluginManager: Mounting plugin DataValidation
LogPluginManager: Mounting plugin FacialAnimation
LogPluginManager: Mounting plugin GameplayTagsEditor
LogPluginManager: Mounting plugin MobileLauncherProfileWizard
LogPluginManager: Mounting plugin PluginBrowser
LogPluginManager: Mounting plugin SpeedTreeImporter
LogPluginManager: Mounting plugin DatasmithContent
LogPluginManager: Mounting plugin AlembicImporter
LogPluginManager: Mounting plugin CharacterAI
LogPluginManager: Mounting plugin HTML5Networking
LogPluginManager: Mounting plugin AndroidMedia
LogPluginManager: Mounting plugin AvfMedia
LogPluginManager: Mounting plugin ImgMedia
LogPluginManager: Mounting plugin LinearTimecode
LogPluginManager: Mounting plugin MediaCompositing
LogPluginManager: Mounting plugin MediaPlayerEditor
LogPluginManager: Mounting plugin WmfMedia
LogPluginManager: Mounting plugin TcpMessaging
LogPluginManager: Mounting plugin UdpMessaging
LogPluginManager: Mounting plugin ActorSequence
LogPluginManager: Mounting plugin LevelSequenceEditor
LogPluginManager: Mounting plugin MatineeToLevelSequence
LogPluginManager: Mounting plugin NetcodeUnitTest
LogPluginManager: Mounting plugin NUTUnrealEngine4
LogPluginManager: Mounting plugin OnlineSubsystemGooglePlay
LogPluginManager: Mounting plugin OnlineSubsystemIOS
LogPluginManager: Mounting plugin OnlineSubsystem
LogPluginManager: Mounting plugin OnlineSubsystemNull
LogPluginManager: Mounting plugin OnlineSubsystemUtils
LogPluginManager: Mounting plugin AndroidDeviceProfileSelector
LogPluginManager: Mounting plugin AndroidMoviePlayer
LogPluginManager: Mounting plugin AndroidPermission
LogPluginManager: Mounting plugin AppleARKit
LogPluginManager: Mounting plugin AppleMoviePlayer
LogPluginManager: Mounting plugin ArchVisCharacter
LogPluginManager: Mounting plugin AudioCapture
LogPluginManager: Mounting plugin CableComponent
LogPluginManager: Mounting plugin CustomMeshComponent
LogPluginManager: Mounting plugin ExampleDeviceProfileSelector
LogPluginManager: Mounting plugin GoogleCloudMessaging
LogPluginManager: Mounting plugin ImmediatePhysics
LogPluginManager: Mounting plugin IOSDeviceProfileSelector
LogPluginManager: Mounting plugin LinuxDeviceProfileSelector
LogPluginManager: Mounting plugin LocationServicesBPLibrary
LogPluginManager: Mounting plugin MobilePatchingUtils
LogPluginManager: Mounting plugin OculusVR
LogPluginManager: Plugin shader directory ../../../Engine/Plugins/Runtime/Oculus/OculusVR/Shaders found
LogPluginManager: Mapping shader source directory ../../../Engine/Plugins/Runtime/Oculus/OculusVR/Shaders to virtual directory /Plugin/OculusVR
LogPluginManager: Mounting plugin PhysXVehicles
LogPluginManager: Mounting plugin ProceduralMeshComponent
LogPluginManager: Mounting plugin RuntimePhysXCooking
LogPluginManager: Mounting plugin SteamVR
LogPluginManager: Mounting plugin WindowsMoviePlayer
LogStreaming: Display: Took  0.706s to configure plugins.
LogInit: Using libcurl 7.47.1
LogInit:  - built for x86_64-pc-win32
LogInit:  - supports SSL with OpenSSL/1.0.2g
LogInit:  - supports HTTP deflate (compression) using libz 1.2.8
LogInit:  - other features:
LogInit:      CURL_VERSION_SSL
LogInit:      CURL_VERSION_LIBZ
LogInit:      CURL_VERSION_IPV6
LogInit:      CURL_VERSION_ASYNCHDNS
LogInit:      CURL_VERSION_LARGEFILE
LogInit:      CURL_VERSION_IDN
LogInit:  CurlRequestOptions (configurable via config and command line):
LogInit:  - bVerifyPeer = false  - Libcurl will NOT verify peer certificate
LogInit:  - bUseHttpProxy = false  - Libcurl will NOT use HTTP proxy
LogInit:  - bDontReuseConnections = false  - Libcurl will reuse connections
LogInit:  - CertBundlePath = nullptr  - Libcurl will use whatever was configured at build time.
LogInit:  - MaxHostConnections = 16  - Libcurl will limit the number of connections to a host
LogInit:  - LocalHostAddr = Default
LogInit: WinSock: version 1.1 (2.2), MaxSocks=32767, MaxUdp=65467
LogInit: WinSock: I am P?r (0.0.0.0:0)
LogInit: Build: ++UE4+Release-4.19-CL-4033788
LogInit: Engine Version: 4.19.2-4033788+++UE4+Release-4.19
LogInit: Compatible Engine Version: 4.19.0-3944462+++UE4+Release-4.19
LogInit: Net CL: 3944462
LogDevObjectVersion: Number of dev versions registered: 18
LogDevObjectVersion:   Dev-Blueprints (B0D832E4-1F89-4F0D-ACCF-7EB736FD4AA2): 10
LogDevObjectVersion:   Dev-Build (E1C64328-A22C-4D53-A36C-8E866417BD8C): 0
LogDevObjectVersion:   Dev-Core (375EC13C-06E4-48FB-B500-84F0262A717E): 2
LogDevObjectVersion:   Dev-Editor (E4B068ED-F494-42E9-A231-DA0B2E46BB41): 23
LogDevObjectVersion:   Dev-Framework (CFFC743F-43B0-4480-9391-14DF171D2073): 33
LogDevObjectVersion:   Dev-Mobile (B02B49B5-BB20-44E9-A304-32B752E40360): 2
LogDevObjectVersion:   Dev-Networking (A4E4105C-59A1-49B5-A7C5-40C4547EDFEE): 0
LogDevObjectVersion:   Dev-Online (39C831C9-5AE6-47DC-9A44-9C173E1C8E7C): 0
LogDevObjectVersion:   Dev-Physics (78F01B33-EBEA-4F98-B9B4-84EACCB95AA2): 0
LogDevObjectVersion:   Dev-Platform (6631380F-2D4D-43E0-8009-CF276956A95A): 0
LogDevObjectVersion:   Dev-Rendering (12F88B9F-8875-4AFC-A67C-D90C383ABD29): 25
LogDevObjectVersion:   Dev-Sequencer (7B5AE74C-D270-4C10-A958-57980B212A5A): 6
LogDevObjectVersion:   Dev-VR (D7296918-1DD6-4BDD-9DE2-64A83CC13884): 1
LogDevObjectVersion:   Dev-LoadTimes (C2A15278-BFE7-4AFE-6C17-90FF531DF755): 1
LogDevObjectVersion:   Private-Geometry (6EACA3D4-40EC-4CC1-B786-8BED09428FC5): 2
LogDevObjectVersion:   Dev-AnimPhys (29E575DD-E0A3-4627-9D10-D276232CDCEA): 16
LogDevObjectVersion:   Dev-ReflectionCapture (6B266CEC-1EC7-4B8F-A30B-E4D90942FC07): 1
LogDevObjectVersion:   Dev-Automation (0DF73D61-A23F-47EA-B727-89E90C41499A): 1
LogInit: Compiled (64-bit): Apr 27 2018 02:06:57
LogInit: Compiled with Visual C++: 19.00.24215.01
LogInit: Build Configuration: Development
LogInit: Branch Name: ++UE4+Release-4.19
LogInit: Command Line: -EpicPortal 
LogInit: Base Directory: E:/UE_4.19/Engine/Binaries/Win64/
LogInit: Installed Engine Build: 1
LogStreaming: Display: Took  0.000s to delete old logs.
LogInit: Presizing for max 8388607 objects, including 0 objects not considered by GC, pre-allocating 0 bytes for permanent pool.
LogInit: Object subsystem initialized
[2018.05.05-17.36.54:912][  0]LogInit: Selected Device Profile: [Windows]
[2018.05.05-17.36.54:912][  0]LogInit: Applying CVar settings loaded from the selected device profile: [Windows]
[2018.05.05-17.36.54:934][  0]LogInit: Computer: PÄR
[2018.05.05-17.36.54:934][  0]LogInit: User: Jack
[2018.05.05-17.36.54:934][  0]LogInit: CPU Page size=4096, Cores=4
[2018.05.05-17.36.54:934][  0]LogInit: High frequency timer resolution =3.513586 MHz
[2018.05.05-17.36.54:934][  0]LogMemory: Memory total: Physical=15.9GB (16GB approx)
[2018.05.05-17.36.54:934][  0]LogMemory: Platform Memory Stats for Windows
[2018.05.05-17.36.54:934][  0]LogMemory: Process Physical Memory: 274.00 MB used, 274.00 MB peak
[2018.05.05-17.36.54:934][  0]LogMemory: Process Virtual Memory: 264.68 MB used, 264.68 MB peak
[2018.05.05-17.36.54:935][  0]LogMemory: Physical Memory: 7978.69 MB used,  8348.14 MB free, 16326.82 MB total
[2018.05.05-17.36.54:935][  0]LogMemory: Virtual Memory: 697.16 MB used,  8348.14 MB free, 134217728.00 MB total
[2018.05.05-17.36.54:960][  0]LogInit: Using OS detected language (en-US).
[2018.05.05-17.36.54:960][  0]LogInit: Using OS detected locale (en-US).
[2018.05.05-17.36.54:962][  0]LogTextLocalizationManager: No specific localization for 'en-US' exists, so the 'en' localization will be used.
[2018.05.05-17.36.55:360][  0]LogStreaming: Display: Took  0.400s to EndInitTextLocalization.
[2018.05.05-17.36.55:361][  0]LogInit: Setting process to per monitor DPI aware
[2018.05.05-17.36.55:386][  0]LogSlate: New Slate User Created.  User Index 0, Is Virtual User: 0
[2018.05.05-17.36.55:386][  0]LogSlate: Slate User Registered.  User Index 0, Is Virtual User: 0
[2018.05.05-17.36.55:563][  0]LogD3D11RHI: D3D11 adapters:
[2018.05.05-17.36.55:624][  0]LogD3D11RHI:    0. 'NVIDIA GeForce GTX 750 Ti' (Feature Level 11_0)
[2018.05.05-17.36.55:624][  0]LogD3D11RHI:       2007/0/8163 MB DedicatedVideo/DedicatedSystem/SharedSystem, Outputs:2, VendorId:0x10de
[2018.05.05-17.36.55:626][  0]LogD3D11RHI:    1. 'Microsoft Basic Render Driver' (Feature Level 11_0)
[2018.05.05-17.36.55:626][  0]LogD3D11RHI:       0/0/8163 MB DedicatedVideo/DedicatedSystem/SharedSystem, Outputs:0, VendorId:0x1414
[2018.05.05-17.36.55:626][  0]LogD3D11RHI: Chosen D3D11 Adapter: 0
[2018.05.05-17.36.55:634][  0]LogD3D11RHI: Creating new Direct3DDevice
[2018.05.05-17.36.55:634][  0]LogD3D11RHI:     GPU DeviceId: 0x1380 (for the marketing name, search the web for "GPU Device Id")
[2018.05.05-17.36.55:634][  0]LogWindows: EnumDisplayDevices:
[2018.05.05-17.36.55:635][  0]LogWindows:    0. 'NVIDIA GeForce GTX 750 Ti' (P:0 D:1)
[2018.05.05-17.36.55:635][  0]LogWindows:    1. 'NVIDIA GeForce GTX 750 Ti' (P:1 D:1)
[2018.05.05-17.36.55:635][  0]LogWindows:    2. 'NVIDIA GeForce GTX 750 Ti' (P:0 D:0)
[2018.05.05-17.36.55:635][  0]LogWindows:    3. 'NVIDIA GeForce GTX 750 Ti' (P:0 D:0)
[2018.05.05-17.36.55:635][  0]LogWindows: DebugString: GetVideoDriverDetailsInvalid PrimaryIsNotTheChoosenAdapter GetVideoDriverDetailsInvalid PrimaryIsNotTheChoosenAdapter GetVideoDriverDetailsInvalid PrimaryIsNotTheChoosenAdapter GetVideoDriverDetailsInvalid PrimaryIsNotTheChoosenAdapter FoundDriverCount:0 
[2018.05.05-17.36.55:635][  0]LogD3D11RHI:     Adapter Name: NVIDIA GeForce GTX 750 Ti
[2018.05.05-17.36.55:635][  0]LogD3D11RHI:   Driver Version: Unknown (internal:Unknown, unified:Unknown)
[2018.05.05-17.36.55:635][  0]LogD3D11RHI:      Driver Date: Unknown
[2018.05.05-17.36.55:635][  0]LogRHI: Texture pool is 1405 MB (70% of 2007 MB)
[2018.05.05-17.36.55:671][  0]LogD3D11RHI: [Aftermath] Aftermath enabled and primed
[2018.05.05-17.36.55:672][  0]LogD3D11RHI: [Aftermath] Aftermath enabled and primed
[2018.05.05-17.36.55:672][  0]LogD3D11RHI: Async texture creation enabled
[2018.05.05-17.36.55:689][  0]LogD3D11RHI: GPU Timing Frequency: 1000.000000 (Debug: 2 2)
[2018.05.05-17.36.55:738][  0]LogShaderCompilers: Guid format shader working directory is 12 characters bigger than the processId version (../../../../Unreal/TEST_UE4/Katt/Intermediate/Shaders/WorkingDirectory/14620/).
[2018.05.05-17.36.55:738][  0]LogShaderCompilers: Cleaned the shader compiler working directory 'C:/Users/Jack/AppData/Local/Temp/UnrealShaderWorkingDir/D5835ABA4689EECFD33D26AEB9C1DE97/'.
[2018.05.05-17.36.55:950][  0]LogTemp: Display: Loaded TP AllDesktopTargetPlatform
[2018.05.05-17.36.55:962][  0]LogTemp: Display: Loaded TP MacClientTargetPlatform
[2018.05.05-17.36.55:974][  0]LogTemp: Display: Loaded TP MacNoEditorTargetPlatform
[2018.05.05-17.36.55:986][  0]LogTemp: Display: Loaded TP MacServerTargetPlatform
[2018.05.05-17.36.55:998][  0]LogTemp: Display: Loaded TP MacTargetPlatform
[2018.05.05-17.36.56:011][  0]LogTemp: Display: Loaded TP WindowsClientTargetPlatform
[2018.05.05-17.36.56:022][  0]LogTemp: Display: Loaded TP WindowsNoEditorTargetPlatform
[2018.05.05-17.36.56:034][  0]LogTemp: Display: Loaded TP WindowsServerTargetPlatform
[2018.05.05-17.36.56:040][  0]LogTemp: Display: Loaded TP WindowsTargetPlatform
[2018.05.05-17.36.56:051][  0]LogTemp: Display: Loaded TP Android_ASTCTargetPlatform
[2018.05.05-17.36.56:061][  0]LogTemp: Display: Loaded TP Android_ATCTargetPlatform
[2018.05.05-17.36.56:071][  0]LogTemp: Display: Loaded TP Android_DXTTargetPlatform
[2018.05.05-17.36.56:082][  0]LogTemp: Display: Loaded TP Android_ETC1aTargetPlatform
[2018.05.05-17.36.56:092][  0]LogTemp: Display: Loaded TP Android_ETC1TargetPlatform
[2018.05.05-17.36.56:103][  0]LogTemp: Display: Loaded TP Android_ETC2TargetPlatform
[2018.05.05-17.36.56:124][  0]LogTemp: Display: Loaded TP Android_MultiTargetPlatform
[2018.05.05-17.36.56:124][  0]LogTemp: Display: Loaded TP Android_PVRTCTargetPlatform
[2018.05.05-17.36.56:135][  0]LogTemp: Display: Loaded TP AndroidTargetPlatform
[2018.05.05-17.36.56:136][  0]LogTemp: Display: Loaded TP HTML5TargetPlatform
[2018.05.05-17.36.56:171][  0]LogTemp: Display: Loaded TP IOSTargetPlatform
[2018.05.05-17.36.56:181][  0]LogTemp: Display: Loaded TP TVOSTargetPlatform
[2018.05.05-17.36.56:198][  0]LogTemp: Display: Loaded TP LinuxClientTargetPlatform
[2018.05.05-17.36.56:218][  0]LogTemp: Display: Loaded TP LinuxNoEditorTargetPlatform
[2018.05.05-17.36.56:229][  0]LogTemp: Display: Loaded TP LinuxServerTargetPlatform
[2018.05.05-17.36.56:239][  0]LogTemp: Display: Loaded TP LinuxTargetPlatform
[2018.05.05-17.36.56:239][  0]LogTargetPlatformManager: Display: Building Assets For Windows
[2018.05.05-17.36.56:323][  0]LogXGEController: Cannot use XGE Controller as Incredibuild is not installed on this machine.
[2018.05.05-17.36.56:323][  0]LogShaderCompilers: Cannot use XGE Shader Compiler as Incredibuild is not installed on this machine.
[2018.05.05-17.36.56:323][  0]LogShaderCompilers: Display: Using Local Shader Compiler.
[2018.05.05-17.36.56:966][  0]LogDerivedDataCache: Display: Max Cache Size: 512 MB
[2018.05.05-17.36.57:033][  0]LogDerivedDataCache: Loaded boot cache 0.07s 74MB C:/Users/Jack/AppData/Local/UnrealEngine/4.19/DerivedDataCache/Boot.ddc.
[2018.05.05-17.36.57:033][  0]LogDerivedDataCache: Display: Loaded Boot cache: C:/Users/Jack/AppData/Local/UnrealEngine/4.19/DerivedDataCache/Boot.ddc
[2018.05.05-17.36.57:033][  0]LogDerivedDataCache: FDerivedDataBackendGraph:  Pak pak cache file ../../../../Unreal/TEST_UE4/Katt/DerivedDataCache/DDC.ddp not found, will not use a pak cache.
[2018.05.05-17.36.57:034][  0]LogDerivedDataCache: Unable to find inner node Pak for hierarchical cache Hierarchy.
[2018.05.05-17.36.57:034][  0]LogDerivedDataCache: FDerivedDataBackendGraph:  CompressedPak pak cache file ../../../../Unreal/TEST_UE4/Katt/DerivedDataCache/Compressed.ddp not found, will not use a pak cache.
[2018.05.05-17.36.57:034][  0]LogDerivedDataCache: Unable to find inner node CompressedPak for hierarchical cache Hierarchy.
[2018.05.05-17.36.57:049][  0]LogDerivedDataCache: Display: Pak cache opened for reading ../../../Engine/DerivedDataCache/Compressed.ddp.
[2018.05.05-17.36.57:061][  0]LogDerivedDataCache: Using Local data cache path C:/Users/Jack/AppData/Local/UnrealEngine/Common/DerivedDataCache: Writable
[2018.05.05-17.36.57:061][  0]LogDerivedDataCache: Shared data cache path not found in *engine.ini, will not use an Shared cache.
[2018.05.05-17.36.57:061][  0]LogDerivedDataCache: Unable to find inner node Shared for hierarchical cache Hierarchy.
[2018.05.05-17.36.57:073][  0]LogMaterial: Verifying Global Shaders for PCD3D_SM5
[2018.05.05-17.36.57:074][  0]LogSlate: Using Freetype 2.6.0
[2018.05.05-17.36.57:074][  0]LogSlate: SlateFontCache - WITH_FREETYPE: 1, WITH_HARFBUZZ: 1
[2018.05.05-17.36.57:074][  0]LogSlate: SlateFontCache - WITH_FREETYPE: 1, WITH_HARFBUZZ: 1
[2018.05.05-17.36.57:178][  0]LogAssetRegistry: FAssetRegistry took 0.0249 seconds to start up
[2018.05.05-17.36.57:473][  0]LogInit: Selected Device Profile: [Windows]
[2018.05.05-17.36.57:607][  0]LogSimplygon: Simplygon DLL not present - disabling.
[2018.05.05-17.36.57:609][  0]LogMeshReduction: Using SimplygonSwarm for distributed automatic mesh merging
[2018.05.05-17.36.57:609][  0]LogMeshReduction: Using QuadricMeshReduction for automatic static mesh reduction
[2018.05.05-17.36.57:609][  0]LogMeshReduction: No automatic skeletal mesh reduction module available
[2018.05.05-17.36.57:609][  0]LogMeshReduction: No automatic mesh merging module available
[2018.05.05-17.36.57:610][  0]LogMeshMerging: No automatic mesh merging module available
[2018.05.05-17.36.57:636][  0]LogNetVersion: Katt , NetCL: 3944462, EngineNetVer: 2, GameNetVer: 0 (Checksum: 1674828091)
[2018.05.05-17.36.58:033][  0]LogPackageLocalizationCache: Processed 9 localized package path(s) for 2 prioritized culture(s) in 0.067567 seconds
[2018.05.05-17.36.58:039][  0]LogUObjectArray: 36728 objects as part of root set at end of initial load.
[2018.05.05-17.36.58:039][  0]LogUObjectAllocator: 7314304 out of 0 bytes used by permanent object pool.
[2018.05.05-17.36.58:039][  0]LogUObjectArray: CloseDisregardForGC: 0/0 objects in disregard for GC pool
[2018.05.05-17.36.59:478][  0]LogTcpMessaging: Initializing TcpMessaging bridge
[2018.05.05-17.36.59:514][  0]LogUdpMessaging: Initializing bridge on interface 0.0.0.0:0 to multicast group 230.0.0.1:6666.
[2018.05.05-17.36.59:804][  0]SourceControl: Source control is disabled
[2018.05.05-17.36.59:804][  0]SourceControl: Source control is disabled
[2018.05.05-17.36.59:816][  0]SourceControl: Source control is disabled
[2018.05.05-17.36.59:828][  0]SourceControl: Source control is disabled
[2018.05.05-17.37.00:209][  0]LogAndroidPermission: UAndroidPermissionCallbackProxy::GetInstance
[2018.05.05-17.37.00:336][  0]LogOcInput: OculusInput pre-init called
[2018.05.05-17.37.00:423][  0]LogEngine: Initializing Engine...
[2018.05.05-17.37.00:425][  0]LogHMD: Failed to initialize OpenVR with code 110
[2018.05.05-17.37.00:426][  0]LogStats: UGameplayTagsManager::ConstructGameplayTagTree: Construct from data asset -  0.000 s
[2018.05.05-17.37.00:426][  0]LogStats: UGameplayTagsManager::ConstructGameplayTagTree: GameplayTagTreeChangedEvent.Broadcast -  0.000 s
[2018.05.05-17.37.00:632][  0]LogAIModule: Creating AISystem for world Untitled
[2018.05.05-17.37.00:651][  0]LogInit: XAudio2 using 'Högtalare (Realtek High Definition Audio)' : 2 channels at 48 kHz using 32 bits per sample (channel mask 0x3)
[2018.05.05-17.37.00:666][  0]LogInit: FAudioDevice initialized.
[2018.05.05-17.37.00:742][  0]LogDerivedDataCache: Saved boot cache 0.08s 74MB C:/Users/Jack/AppData/Local/UnrealEngine/4.19/DerivedDataCache/Boot.ddc.
[2018.05.05-17.37.00:765][  0]LogInit: Texture streaming: Enabled
[2018.05.05-17.37.00:785][  0]LogEngineSessionManager: EngineSessionManager initialized
[2018.05.05-17.37.00:801][  0]LogInit: Transaction tracking system initialized
[2018.05.05-17.37.00:822][  0]BlueprintLog: New page: Editor Load
[2018.05.05-17.37.00:886][  0]LocalizationService: Localization service is disabled
[2018.05.05-17.37.00:967][  0]LogConsoleResponse: Display: 
[2018.05.05-17.37.01:095][  0]LogFileCache: Scanning file cache for directory 'E:/Unreal/TEST_UE4/Katt/Content/' took 0.01s
[2018.05.05-17.37.01:095][  0]LogCook: Display: Max memory allowance for cook 16384mb min free memory 0mb
[2018.05.05-17.37.01:095][  0]LogCook: Display: Mobile HDR setting 1
[2018.05.05-17.37.01:095][  0]LogGameplayTags: Display: UGameplayTagsManager::DoneAddingNativeTags. DelegateIsBound: 0
[2018.05.05-17.37.01:095][  0]LogStats: UGameplayTagsManager::ConstructGameplayTagTree: Construct from data asset -  0.000 s
[2018.05.05-17.37.01:095][  0]LogStats: UGameplayTagsManager::ConstructGameplayTagTree: GameplayTagTreeChangedEvent.Broadcast -  0.000 s
[2018.05.05-17.37.01:378][  0]SourceControl: Source control is disabled
[2018.05.05-17.37.01:378][  0]Cmd: MAP LOAD FILE="../../../Engine/Content/Maps/Templates/Template_Default.umap" TEMPLATE=1 SHOWPROGRESS=1 FEATURELEVEL=3
[2018.05.05-17.37.01:379][  0]LightingResults: New page: Lighting Build
[2018.05.05-17.37.01:381][  0]MapCheck: New page: Map Check
[2018.05.05-17.37.01:381][  0]LightingResults: New page: Lighting Build
[2018.05.05-17.37.01:554][  0]LogAIModule: Creating AISystem for world Untitled_1
[2018.05.05-17.37.01:559][  0]LogEditorServer: Finished looking for orphan Actors (0.000 secs)
[2018.05.05-17.37.01:568][  0]Cmd: MAP CHECKDEP NOCLEARLOG
[2018.05.05-17.37.01:602][  0]MapCheck: Map check complete: 0 Error(s), 0 Warning(s), took 33.024ms to complete.
[2018.05.05-17.37.01:602][  0]LogFileHelpers: Loading map 'Template_Default' took 0.223
[2018.05.05-17.37.01:670][  0]LogWindowsTextInputMethodSystem: Display: IME system now deactivated.
[2018.05.05-17.37.01:670][  0]LogWindowsTextInputMethodSystem: Display: IME system now deactivated.
[2018.05.05-17.37.01:751][  0]LogCollectionManager: Loaded 0 collections in 0.002267 seconds
[2018.05.05-17.37.01:796][  0]LogFileCache: Scanning file cache for directory 'E:/Unreal/TEST_UE4/Katt/Saved/Collections/' took 0.01s
[2018.05.05-17.37.01:796][  0]LogFileCache: Scanning file cache for directory 'E:/Unreal/TEST_UE4/Katt/Content/Developers/Jack/Collections/' took 0.01s
[2018.05.05-17.37.01:796][  0]LogFileCache: Scanning file cache for directory 'E:/Unreal/TEST_UE4/Katt/Content/Collections/' took 0.01s
[2018.05.05-17.37.01:796][  0]LogCollectionManager: Rebuilt the GUID cache for 0 collections in 0.000001 seconds
[2018.05.05-17.37.01:808][  0]LogContentBrowser: Native class hierarchy populated in 0.0117 seconds. Added 2452 classes and 558 folders.
[2018.05.05-17.37.01:815][  0]LogContentBrowser: Native class hierarchy updated for 'WidgetCarousel' in 0.0003 seconds. Added 0 classes and 0 folders.
[2018.05.05-17.37.01:849][  0]LogContentBrowser: Native class hierarchy updated for 'AddContentDialog' in 0.0002 seconds. Added 0 classes and 0 folders.
[2018.05.05-17.37.01:853][  0]LogContentBrowser: Native class hierarchy updated for 'SceneOutliner' in 0.0002 seconds. Added 1 classes and 2 folders.
[2018.05.05-17.37.01:868][  0]LogSlate: Took 0.000207 seconds to synchronously load lazily loaded font '../../../Engine/Content/Slate/Fonts/Roboto-Regular.ttf' (155K)
[2018.05.05-17.37.01:871][  0]LogSlate: Took 0.000366 seconds to synchronously load lazily loaded font '../../../Engine/Content/Slate/Fonts/Roboto-Bold.ttf' (160K)
[2018.05.05-17.37.01:879][  0]LogSlate: Took 0.000383 seconds to synchronously load lazily loaded font '../../../Engine/Content/Editor/Slate/Fonts/FontAwesome.ttf' (139K)
[2018.05.05-17.37.01:970][  0]LogRenderer: Reallocating scene render targets to support 1212x608 Format 9 NumSamples 1 (Frame:1).
[2018.05.05-17.37.02:088][  0]LogContentBrowser: Native class hierarchy updated for 'HierarchicalLODOutliner' in 0.0003 seconds. Added 0 classes and 0 folders.
[2018.05.05-17.37.02:088][  0]LogLoad: (Engine Initialization) Total time: 9.02 seconds
[2018.05.05-17.37.02:088][  0]LogLoad: (Engine Initialization) Total Blueprint compile time: 0.00 seconds
[2018.05.05-17.37.02:118][  0]LogContentStreaming: Texture pool size now 800 MB
[2018.05.05-17.37.02:269][  0]LogSlate: Took 0.000177 seconds to synchronously load lazily loaded font '../../../Engine/Content/Slate/Fonts/Roboto-Light.ttf' (167K)
[2018.05.05-17.37.02:289][  1]LogAssetRegistry: Asset discovery search completed in 5.1328 seconds
[2018.05.05-17.37.02:291][  1]LogCollectionManager: Rebuilt the object cache for 0 collections in 0.000000 seconds (found 0 objects)
[2018.05.05-17.37.02:291][  1]LogCollectionManager: Fixed up redirectors for 0 collections in 0.000035 seconds (updated 0 objects)
[2018.05.05-17.37.06:863][544]LogSlate: FSceneViewport::OnFocusLost() reason 0
[2018.05.05-17.37.07:002][560]LogSlate: Took 0.000295 seconds to synchronously load lazily loaded font '../../../Engine/Content/Slate/Fonts/Roboto-Light.ttf' (167K)
[2018.05.05-17.37.07:028][560]LogAIModule: Creating AISystem for world Katt_Level_1
[2018.05.05-17.37.07:043][560]Cmd: MAP LOAD FILE="../../../../Unreal/TEST_UE4/Katt/Content/Katt_Level_1.umap" TEMPLATE=0 SHOWPROGRESS=1 FEATURELEVEL=3
[2018.05.05-17.37.07:044][560]LightingResults: New page: Lighting Build
[2018.05.05-17.37.07:044][560]LoadErrors: New page: Loading map: Katt_Level_1.umap
[2018.05.05-17.37.07:045][560]MapCheck: New page: Map Check
[2018.05.05-17.37.07:045][560]LightingResults: New page: Lighting Build
[2018.05.05-17.37.07:055][560]LogEditorServer: Finished looking for orphan Actors (0.000 secs)
[2018.05.05-17.37.07:074][560]Cmd: MAP CHECKDEP NOCLEARLOG
[2018.05.05-17.37.07:108][560]MapCheck: Map check complete: 0 Error(s), 0 Warning(s), took 33.732ms to complete.
[2018.05.05-17.37.07:108][560]LogFileHelpers: Loading map 'Katt_Level_1' took 0.066
[2018.05.05-17.37.24:770][849]LogFactory: FactoryCreateFile: StaticMesh with FbxFactory (0 0 ../../../../Blender/Bicycle/Bicycle.fbx)
[2018.05.05-17.37.24:782][849]LogFbx: ItemName: GlobalSettings, ItemCount : 1
[2018.05.05-17.37.24:782][849]LogFbx: ItemName: Geometry, ItemCount : 19
[2018.05.05-17.37.24:782][849]LogFbx: ItemName: Model, ItemCount : 19
[2018.05.05-17.37.24:782][849]LogFbx: ItemName: Material, ItemCount : 5
[2018.05.05-17.37.24:787][849]LogFbx: Loading FBX Scene from ../../../../Blender/Bicycle/Bicycle.fbx
[2018.05.05-17.37.24:814][849]LogFbx: FBX Scene Loaded Succesfully
[2018.05.05-17.37.26:269][849]LogSlate: Window 'FBX Import Options' being destroyed
[2018.05.05-17.37.26:325][849]LogFbx: Loading FBX Scene from ../../../../Blender/Bicycle/Bicycle.fbx
[2018.05.05-17.37.26:352][849]LogFbx: FBX Scene Loaded Succesfully
[2018.05.05-17.37.26:357][849]LogMaterial: Missing cached shader map for material Bikeblackmetal, compiling. 
[2018.05.05-17.37.26:385][849]LogShaderCompilers: Display: Shaders left to compile 22
[2018.05.05-17.37.26:386][849]LogShaderCompilers: Display: Shaders left to compile 12
[2018.05.05-17.37.26:386][849]LogShaderCompilers: Display: Shaders left to compile 2
[2018.05.05-17.37.26:386][849]LogFbx: Warning: Triangulating static mesh Ram.001
[2018.05.05-17.37.26:399][849]LogStaticMesh: Building static mesh Bicycle_Ram_001...
[2018.05.05-17.37.26:416][849]LogStaticMesh: Built static mesh [0.02s] /Game/Bicycle_Ram_001.Bicycle_Ram_001
[2018.05.05-17.37.26:427][849]LogFbx: Warning: Triangulating static mesh NurbsCurve.007
[2018.05.05-17.37.26:656][849]LogStaticMesh: Building static mesh Bicycle_NurbsCurve_007...
[2018.05.05-17.37.26:753][849]LogStaticMesh: Built static mesh [0.10s] /Game/Bicycle_NurbsCurve_007.Bicycle_NurbsCurve_007
[2018.05.05-17.37.26:803][849]LogMaterial: Missing cached shader map for material Bikesilvermetal, compiling. 
[2018.05.05-17.37.26:811][849]LogShaderCompilers: Display: Shaders left to compile 22
[2018.05.05-17.37.26:812][849]LogFbx: Warning: Triangulating static mesh NurbsCurve.006
[2018.05.05-17.37.27:107][849]LogShaderCompilers: Display: Shaders left to compile 12
[2018.05.05-17.37.27:108][849]LogStaticMesh: Building static mesh Bicycle_NurbsCurve_006...
[2018.05.05-17.37.27:268][849]LogStaticMesh: Built static mesh [0.16s] /Game/Bicycle_NurbsCurve_006.Bicycle_NurbsCurve_006
[2018.05.05-17.37.27:317][849]LogFbx: Warning: Triangulating static mesh Plane.011
[2018.05.05-17.37.27:336][849]LogStaticMesh: Building static mesh Bicycle_Plane_011...
[2018.05.05-17.37.27:358][849]LogStaticMesh: Built static mesh [0.02s] /Game/Bicycle_Plane_011.Bicycle_Plane_011
[2018.05.05-17.37.27:368][849]LogFbx: Warning: Triangulating static mesh Circle.013
[2018.05.05-17.37.27:458][849]LogStaticMesh: Building static mesh Bicycle_Circle_013...
[2018.05.05-17.37.27:571][849]LogStaticMesh: Built static mesh [0.11s] /Game/Bicycle_Circle_013.Bicycle_Circle_013
[2018.05.05-17.37.27:597][849]LogMaterial: Missing cached shader map for material Biketire, compiling. 
[2018.05.05-17.37.27:610][849]LogFbx: Warning: Triangulating static mesh Circle.012
[2018.05.05-17.37.27:627][849]LogStaticMesh: Building static mesh Bicycle_Circle_012...
[2018.05.05-17.37.27:715][849]LogStaticMesh: Built static mesh [0.09s] /Game/Bicycle_Circle_012.Bicycle_Circle_012
[2018.05.05-17.37.27:729][849]LogMaterial: Missing cached shader map for material sadel, compiling. 
[2018.05.05-17.37.27:740][849]LogFbx: Warning: Triangulating static mesh Circle.011
[2018.05.05-17.37.27:748][849]LogStaticMesh: Building static mesh Bicycle_Circle_011...
[2018.05.05-17.37.27:770][849]LogStaticMesh: Built static mesh [0.02s] /Game/Bicycle_Circle_011.Bicycle_Circle_011
[2018.05.05-17.37.27:783][849]LogFbx: Warning: Triangulating static mesh NurbsCurve.005
[2018.05.05-17.37.28:076][849]LogStaticMesh: Building static mesh Bicycle_NurbsCurve_005...
[2018.05.05-17.37.28:207][849]LogStaticMesh: Built static mesh [0.13s] /Game/Bicycle_NurbsCurve_005.Bicycle_NurbsCurve_005
[2018.05.05-17.37.28:258][849]LogFbx: Warning: Triangulating static mesh NurbsCurve.004
[2018.05.05-17.37.28:542][849]LogShaderCompilers: Display: Shaders left to compile 46
[2018.05.05-17.37.28:545][849]LogStaticMesh: Building static mesh Bicycle_NurbsCurve_004...
[2018.05.05-17.37.28:668][849]LogStaticMesh: Built static mesh [0.12s] /Game/Bicycle_NurbsCurve_004.Bicycle_NurbsCurve_004
[2018.05.05-17.37.28:718][849]LogFbx: Warning: Triangulating static mesh Plane.010
[2018.05.05-17.37.28:722][849]LogStaticMesh: Building static mesh Bicycle_Plane_010...
[2018.05.05-17.37.28:727][849]LogStaticMesh: Built static mesh [0.01s] /Game/Bicycle_Plane_010.Bicycle_Plane_010
[2018.05.05-17.37.28:734][849]LogFbx: Warning: Triangulating static mesh Plane.009
[2018.05.05-17.37.28:738][849]LogStaticMesh: Building static mesh Bicycle_Plane_009...
[2018.05.05-17.37.28:742][849]LogStaticMesh: Built static mesh [0.00s] /Game/Bicycle_Plane_009.Bicycle_Plane_009
[2018.05.05-17.37.28:752][849]LogFbx: Warning: Triangulating static mesh Circle.010
[2018.05.05-17.37.28:772][849]LogStaticMesh: Building static mesh Bicycle_Circle_010...
[2018.05.05-17.37.28:859][849]LogStaticMesh: Built static mesh [0.09s] /Game/Bicycle_Circle_010.Bicycle_Circle_010
[2018.05.05-17.37.28:868][849]LogFbx: Warning: Triangulating static mesh Circle.009
[2018.05.05-17.37.28:964][849]LogShaderCompilers: Display: Shaders left to compile 36
[2018.05.05-17.37.28:966][849]LogStaticMesh: Building static mesh Bicycle_Circle_009...
[2018.05.05-17.37.29:080][849]LogStaticMesh: Built static mesh [0.11s] /Game/Bicycle_Circle_009.Bicycle_Circle_009
[2018.05.05-17.37.29:101][849]LogFbx: Warning: Triangulating static mesh Circle.008
[2018.05.05-17.37.29:120][849]LogStaticMesh: Building static mesh Bicycle_Circle_008...
[2018.05.05-17.37.29:207][849]LogStaticMesh: Built static mesh [0.09s] /Game/Bicycle_Circle_008.Bicycle_Circle_008
[2018.05.05-17.37.29:218][849]LogFbx: Warning: Triangulating static mesh Circle.007
[2018.05.05-17.37.29:224][849]LogStaticMesh: Building static mesh Bicycle_Circle_007...
[2018.05.05-17.37.29:235][849]LogStaticMesh: Built static mesh [0.01s] /Game/Bicycle_Circle_007.Bicycle_Circle_007
[2018.05.05-17.37.29:246][849]LogMaterial: Missing cached shader map for material Pedals, compiling. 
[2018.05.05-17.37.29:258][849]LogFbx: Warning: Triangulating static mesh Plane.008
[2018.05.05-17.37.29:263][849]LogStaticMesh: Building static mesh Bicycle_Plane_008...
[2018.05.05-17.37.29:270][849]LogStaticMesh: Built static mesh [0.01s] /Game/Bicycle_Plane_008.Bicycle_Plane_008
[2018.05.05-17.37.29:277][849]LogFbx: Warning: Triangulating static mesh Plane.007
[2018.05.05-17.37.29:280][849]LogStaticMesh: Building static mesh Bicycle_Plane_007...
[2018.05.05-17.37.29:288][849]LogStaticMesh: Built static mesh [0.01s] /Game/Bicycle_Plane_007.Bicycle_Plane_007
[2018.05.05-17.37.29:295][849]LogFbx: Warning: Triangulating static mesh Plane.006
[2018.05.05-17.37.29:297][849]LogStaticMesh: Building static mesh Bicycle_Plane_006...
[2018.05.05-17.37.29:301][849]LogStaticMesh: Built static mesh [0.00s] /Game/Bicycle_Plane_006.Bicycle_Plane_006
[2018.05.05-17.37.29:316][849]FBXImport: Warning: No smoothing group information was found in this FBX scene.  Please make sure to enable the 'Export Smoothing Groups' option in the FBX Exporter plug-in before exporting the file.  Even for tools that don't support smoothing groups, the FBX Exporter will generate appropriate smoothing data at export-time so that correct vertex normals can be inferred while importing. 
[2018.05.05-17.37.29:316][849]FBXImport: Error: No triangles were found on mesh  'BezierCircle.001' 
[2018.05.05-17.37.29:488][851]LogShaderCompilers: Display: Shaders left to compile 48
[2018.05.05-17.37.29:841][869]LogShaderCompilers: Display: Shaders left to compile 38
[2018.05.05-17.37.30:117][893]LogShaderCompilers: Display: Shaders left to compile 28
[2018.05.05-17.37.31:669][ 22]LogShaderCompilers: Display: Shaders left to compile 18
[2018.05.05-17.37.31:966][ 47]LogShaderCompilers: Display: Shaders left to compile 8
[2018.05.05-17.37.32:894][130]LogSlate: Window 'Message Log' being destroyed
[2018.05.05-17.37.32:898][130]LogSlate: Window 'Message Log' being destroyed
[2018.05.05-17.37.42:005][657]LogSlate: Window 'Delete Assets' being destroyed
[2018.05.05-17.37.46:567][914]LogSlate: Window 'Delete Assets' being destroyed
[2018.05.05-17.37.49:525][ 28]LogFactory: FactoryCreateFile: StaticMesh with FbxFactory (0 0 ../../../../Blender/Bicycle/Bicycle.fbx)
[2018.05.05-17.37.49:532][ 28]LogFbx: ItemName: GlobalSettings, ItemCount : 1
[2018.05.05-17.37.49:532][ 28]LogFbx: ItemName: Geometry, ItemCount : 19
[2018.05.05-17.37.49:533][ 28]LogFbx: ItemName: Model, ItemCount : 19
[2018.05.05-17.37.49:533][ 28]LogFbx: ItemName: Material, ItemCount : 5
[2018.05.05-17.37.49:537][ 28]LogFbx: Loading FBX Scene from ../../../../Blender/Bicycle/Bicycle.fbx
[2018.05.05-17.37.49:563][ 28]LogFbx: FBX Scene Loaded Succesfully
[2018.05.05-17.38.01:829][ 28]LogSlate: Window 'FBX Import Options' being destroyed
[2018.05.05-17.38.01:860][ 28]LogFbx: Loading FBX Scene from ../../../../Blender/Bicycle/Bicycle.fbx
[2018.05.05-17.38.01:887][ 28]LogFbx: FBX Scene Loaded Succesfully
[2018.05.05-17.38.01:888][ 28]LogFbx: Warning: Triangulating static mesh Ram.001
[2018.05.05-17.38.01:901][ 28]LogStaticMesh: Building static mesh Bicycle_Ram_001...
[2018.05.05-17.38.01:917][ 28]LogStaticMesh: Built static mesh [0.02s] /Game/Bicycle_Ram_001.Bicycle_Ram_001
[2018.05.05-17.38.01:923][ 28]LogFbx: Warning: Triangulating static mesh NurbsCurve.007
[2018.05.05-17.38.02:130][ 28]LogStaticMesh: Building static mesh Bicycle_NurbsCurve_007...
[2018.05.05-17.38.02:210][ 28]LogStaticMesh: Built static mesh [0.08s] /Game/Bicycle_NurbsCurve_007.Bicycle_NurbsCurve_007
[2018.05.05-17.38.02:245][ 28]LogFbx: Warning: Triangulating static mesh NurbsCurve.006
[2018.05.05-17.38.02:449][ 28]LogStaticMesh: Building static mesh Bicycle_NurbsCurve_006...
[2018.05.05-17.38.02:553][ 28]LogStaticMesh: Built static mesh [0.10s] /Game/Bicycle_NurbsCurve_006.Bicycle_NurbsCurve_006
[2018.05.05-17.38.02:586][ 28]LogFbx: Warning: Triangulating static mesh Plane.011
[2018.05.05-17.38.02:599][ 28]LogStaticMesh: Building static mesh Bicycle_Plane_011...
[2018.05.05-17.38.02:613][ 28]LogStaticMesh: Built static mesh [0.01s] /Game/Bicycle_Plane_011.Bicycle_Plane_011
[2018.05.05-17.38.02:621][ 28]LogFbx: Warning: Triangulating static mesh Circle.013
[2018.05.05-17.38.02:679][ 28]LogStaticMesh: Building static mesh Bicycle_Circle_013...
[2018.05.05-17.38.02:748][ 28]LogStaticMesh: Built static mesh [0.07s] /Game/Bicycle_Circle_013.Bicycle_Circle_013
[2018.05.05-17.38.02:762][ 28]LogFbx: Warning: Triangulating static mesh Circle.012
[2018.05.05-17.38.02:775][ 28]LogStaticMesh: Building static mesh Bicycle_Circle_012...
[2018.05.05-17.38.02:831][ 28]LogStaticMesh: Built static mesh [0.06s] /Game/Bicycle_Circle_012.Bicycle_Circle_012
[2018.05.05-17.38.02:838][ 28]LogFbx: Warning: Triangulating static mesh Circle.011
[2018.05.05-17.38.02:845][ 28]LogStaticMesh: Building static mesh Bicycle_Circle_011...
[2018.05.05-17.38.02:860][ 28]LogStaticMesh: Built static mesh [0.02s] /Game/Bicycle_Circle_011.Bicycle_Circle_011
[2018.05.05-17.38.02:866][ 28]LogFbx: Warning: Triangulating static mesh NurbsCurve.005
[2018.05.05-17.38.03:053][ 28]LogStaticMesh: Building static mesh Bicycle_NurbsCurve_005...
[2018.05.05-17.38.03:136][ 28]LogStaticMesh: Built static mesh [0.08s] /Game/Bicycle_NurbsCurve_005.Bicycle_NurbsCurve_005
[2018.05.05-17.38.03:169][ 28]LogFbx: Warning: Triangulating static mesh NurbsCurve.004
[2018.05.05-17.38.03:352][ 28]LogStaticMesh: Building static mesh Bicycle_NurbsCurve_004...
[2018.05.05-17.38.03:433][ 28]LogStaticMesh: Built static mesh [0.08s] /Game/Bicycle_NurbsCurve_004.Bicycle_NurbsCurve_004
[2018.05.05-17.38.03:469][ 28]LogFbx: Warning: Triangulating static mesh Plane.010
[2018.05.05-17.38.03:472][ 28]LogStaticMesh: Building static mesh Bicycle_Plane_010...
[2018.05.05-17.38.03:475][ 28]LogStaticMesh: Built static mesh [0.00s] /Game/Bicycle_Plane_010.Bicycle_Plane_010
[2018.05.05-17.38.03:479][ 28]LogFbx: Warning: Triangulating static mesh Plane.009
[2018.05.05-17.38.03:482][ 28]LogStaticMesh: Building static mesh Bicycle_Plane_009...
[2018.05.05-17.38.03:484][ 28]LogStaticMesh: Built static mesh [0.00s] /Game/Bicycle_Plane_009.Bicycle_Plane_009
[2018.05.05-17.38.03:488][ 28]LogFbx: Warning: Triangulating static mesh Circle.010
[2018.05.05-17.38.03:501][ 28]LogStaticMesh: Building static mesh Bicycle_Circle_010...
[2018.05.05-17.38.03:560][ 28]LogStaticMesh: Built static mesh [0.06s] /Game/Bicycle_Circle_010.Bicycle_Circle_010
[2018.05.05-17.38.03:567][ 28]LogFbx: Warning: Triangulating static mesh Circle.009
[2018.05.05-17.38.03:630][ 28]LogStaticMesh: Building static mesh Bicycle_Circle_009...
[2018.05.05-17.38.03:706][ 28]LogStaticMesh: Built static mesh [0.08s] /Game/Bicycle_Circle_009.Bicycle_Circle_009
[2018.05.05-17.38.03:720][ 28]LogFbx: Warning: Triangulating static mesh Circle.008
[2018.05.05-17.38.03:732][ 28]LogStaticMesh: Building static mesh Bicycle_Circle_008...
[2018.05.05-17.38.03:795][ 28]LogStaticMesh: Built static mesh [0.06s] /Game/Bicycle_Circle_008.Bicycle_Circle_008
[2018.05.05-17.38.03:802][ 28]LogFbx: Warning: Triangulating static mesh Circle.007
[2018.05.05-17.38.03:807][ 28]LogStaticMesh: Building static mesh Bicycle_Circle_007...
[2018.05.05-17.38.03:814][ 28]LogStaticMesh: Built static mesh [0.01s] /Game/Bicycle_Circle_007.Bicycle_Circle_007
[2018.05.05-17.38.03:818][ 28]LogFbx: Warning: Triangulating static mesh Plane.008
[2018.05.05-17.38.03:820][ 28]LogStaticMesh: Building static mesh Bicycle_Plane_008...
[2018.05.05-17.38.03:825][ 28]LogStaticMesh: Built static mesh [0.01s] /Game/Bicycle_Plane_008.Bicycle_Plane_008
[2018.05.05-17.38.03:830][ 28]LogFbx: Warning: Triangulating static mesh Plane.007
[2018.05.05-17.38.03:832][ 28]LogStaticMesh: Building static mesh Bicycle_Plane_007...
[2018.05.05-17.38.03:837][ 28]LogStaticMesh: Built static mesh [0.01s] /Game/Bicycle_Plane_007.Bicycle_Plane_007
[2018.05.05-17.38.03:843][ 28]LogFbx: Warning: Triangulating static mesh Plane.006
[2018.05.05-17.38.03:845][ 28]LogStaticMesh: Building static mesh Bicycle_Plane_006...
[2018.05.05-17.38.03:848][ 28]LogStaticMesh: Built static mesh [0.00s] /Game/Bicycle_Plane_006.Bicycle_Plane_006
[2018.05.05-17.38.03:858][ 28]FBXImport: Warning: No smoothing group information was found in this FBX scene.  Please make sure to enable the 'Export Smoothing Groups' option in the FBX Exporter plug-in before exporting the file.  Even for tools that don't support smoothing groups, the FBX Exporter will generate appropriate smoothing data at export-time so that correct vertex normals can be inferred while importing. 
[2018.05.05-17.38.03:858][ 28]FBXImport: Error: No triangles were found on mesh  'BezierCircle.001' 
[2018.05.05-17.38.09:198][581]LogSlate: Window 'Message Log' being destroyed
[2018.05.05-17.38.09:201][581]LogSlate: Window 'Message Log' being destroyed
[2018.05.05-17.38.23:967][370]LogSlate: Window 'Delete Assets' being destroyed
[2018.05.05-17.38.29:873][ 59]LogActorFactory: Actor Factory created Cone
[2018.05.05-17.38.30:699][156]LogActorFactory: Actor Factory created Cone
[2018.05.05-17.38.36:302][799]LogSlate: FSceneViewport::OnFocusLost() reason 0
[2018.05.05-17.38.36:456][816]LogActorFactory: Actor Factory created Sphere
[2018.05.05-17.38.37:694][956]LogActorFactory: Actor Factory created Sphere
[2018.05.05-17.38.48:486][109]LogSlate: FSceneViewport::OnFocusLost() reason 0
[2018.05.05-17.38.48:652][127]LogActorFactory: Actor Factory created Cylinder
[2018.05.05-17.38.50:299][308]LogActorFactory: Actor Factory created Cylinder
[2018.05.05-17.38.57:567][ 67]LogSlate: FSceneViewport::OnFocusLost() reason 0
[2018.05.05-17.38.59:828][ 79]LogSlate: Window 'Save Content' being destroyed
[2018.05.05-17.38.59:883][ 79]LogPackageName: Error: DoesPackageExist: DoesPackageExist FAILED: 'None' is not a standard unreal filename or a long path name. Reason: Path should start with a '/'
[2018.05.05-17.38.59:884][ 79]LogPackageName: Error: DoesPackageExist: DoesPackageExist FAILED: 'None' is not a standard unreal filename or a long path name. Reason: Path should start with a '/'
[2018.05.05-17.38.59:885][ 79]Cmd: OBJ SAVEPACKAGE PACKAGE="/Game/Katt_Level_1" FILE="../../../../Unreal/TEST_UE4/Katt/Content/Katt_Level_1.umap" SILENT=true AUTOSAVING=false KEEPDIRTY=false
[2018.05.05-17.38.59:925][ 79]LogSavePackage: Save=22.93ms
[2018.05.05-17.38.59:925][ 79]LogSavePackage: Moving '../../../../Unreal/TEST_UE4/Katt/Saved/Katt_Level_1B70A7B8A4730DD409404E38538E649E9.tmp' to '../../../../Unreal/TEST_UE4/Katt/Content/Katt_Level_1.umap'
[2018.05.05-17.38.59:927][ 79]LogSavePackage: Display: Finished SavePackage ../../../../Unreal/TEST_UE4/Katt/Content/Katt_Level_1.umap
[2018.05.05-17.38.59:941][ 79]LogFileHelpers: Saving map 'Katt_Level_1' took 0.092
[2018.05.05-17.39.33:181][389]LogSlate: FSceneViewport::OnFocusLost() reason 0
[2018.05.05-17.39.33:371][409]Cmd: MAP LOAD FILE="../../../../Unreal/TEST_UE4/Katt/Content/Katt_Level_1.umap" TEMPLATE=0 SHOWPROGRESS=1 FEATURELEVEL=3
[2018.05.05-17.39.33:371][409]LightingResults: New page: Lighting Build
[2018.05.05-17.39.33:372][409]LoadErrors: New page: Loading map: Katt_Level_1.umap
[2018.05.05-17.39.33:372][409]MapCheck: New page: Map Check
[2018.05.05-17.39.33:372][409]LightingResults: New page: Lighting Build
[2018.05.05-17.39.33:394][409]LogAIModule: Creating AISystem for world Katt_Level_1
[2018.05.05-17.39.33:396][409]LogEditorServer: Finished looking for orphan Actors (0.000 secs)
[2018.05.05-17.39.33:415][409]Cmd: MAP CHECKDEP NOCLEARLOG
[2018.05.05-17.39.33:448][409]LogPackageName: Error: DoesPackageExist: DoesPackageExist FAILED: 'None' is not a standard unreal filename or a long path name. Reason: Path should start with a '/'
[2018.05.05-17.39.33:449][409]LogPackageName: Error: DoesPackageExist: DoesPackageExist FAILED: 'None' is not a standard unreal filename or a long path name. Reason: Path should start with a '/'
[2018.05.05-17.39.33:450][409]MapCheck: Map check complete: 0 Error(s), 0 Warning(s), took 34.239ms to complete.
[2018.05.05-17.39.33:451][409]LogFileHelpers: Loading map 'Katt_Level_1' took 0.082
[2018.05.05-17.42.35:783][733]LogSlate: FSceneViewport::OnFocusLost() reason 2
[2018.05.05-17.42.36:954][872]LogSlate: FSceneViewport::OnFocusLost() reason 2
[2018.05.05-17.42.42:999][559]LogSlate: Window 'Source Control Login' being destroyed
[2018.05.05-17.42.54:939][472]LogSlate: FSceneViewport::OnFocusLost() reason 2
[2018.05.05-17.43.46:232][317]Cmd: MAP LOAD FILE="../../../../Unreal/TEST_UE4/Katt/Content/Katt_Level_1.umap" TEMPLATE=0 SHOWPROGRESS=1 FEATURELEVEL=3
[2018.05.05-17.43.46:232][317]LightingResults: New page: Lighting Build
[2018.05.05-17.43.46:233][317]LoadErrors: New page: Loading map: Katt_Level_1.umap
[2018.05.05-17.43.46:234][317]MapCheck: New page: Map Check
[2018.05.05-17.43.46:234][317]LightingResults: New page: Lighting Build
[2018.05.05-17.43.46:262][317]LogAIModule: Creating AISystem for world Katt_Level_1
[2018.05.05-17.43.46:264][317]LogEditorServer: Finished looking for orphan Actors (0.000 secs)
[2018.05.05-17.43.46:282][317]Cmd: MAP CHECKDEP NOCLEARLOG
[2018.05.05-17.43.46:317][317]LogPackageName: Error: DoesPackageExist: DoesPackageExist FAILED: 'None' is not a standard unreal filename or a long path name. Reason: Path should start with a '/'
[2018.05.05-17.43.46:318][317]LogPackageName: Error: DoesPackageExist: DoesPackageExist FAILED: 'None' is not a standard unreal filename or a long path name. Reason: Path should start with a '/'
[2018.05.05-17.43.46:319][317]MapCheck: Map check complete: 0 Error(s), 0 Warning(s), took 36.194ms to complete.
[2018.05.05-17.43.46:320][317]LogFileHelpers: Loading map 'Katt_Level_1' took 0.089
[2018.05.05-17.44.55:388][617]LogSlate: FSceneViewport::OnFocusLost() reason 0
[2018.05.05-17.45.49:092][ 13]Cmd: MAP LOAD FILE="../../../../Unreal/TEST_UE4/Katt/Content/Katt_Level_1.umap" TEMPLATE=0 SHOWPROGRESS=1 FEATURELEVEL=3
[2018.05.05-17.45.49:092][ 13]LightingResults: New page: Lighting Build
[2018.05.05-17.45.49:093][ 13]LoadErrors: New page: Loading map: Katt_Level_1.umap
[2018.05.05-17.45.49:093][ 13]MapCheck: New page: Map Check
[2018.05.05-17.45.49:093][ 13]LightingResults: New page: Lighting Build
[2018.05.05-17.45.49:117][ 13]LogAIModule: Creating AISystem for world Katt_Level_1
[2018.05.05-17.45.49:120][ 13]LogEditorServer: Finished looking for orphan Actors (0.000 secs)
[2018.05.05-17.45.49:137][ 13]Cmd: MAP CHECKDEP NOCLEARLOG
[2018.05.05-17.45.49:171][ 13]LogPackageName: Error: DoesPackageExist: DoesPackageExist FAILED: 'None' is not a standard unreal filename or a long path name. Reason: Path should start with a '/'
[2018.05.05-17.45.49:172][ 13]LogPackageName: Error: DoesPackageExist: DoesPackageExist FAILED: 'None' is not a standard unreal filename or a long path name. Reason: Path should start with a '/'
[2018.05.05-17.45.49:173][ 13]MapCheck: Map check complete: 0 Error(s), 0 Warning(s), took 35.603ms to complete.
[2018.05.05-17.45.49:174][ 13]LogFileHelpers: Loading map 'Katt_Level_1' took 0.084
[2018.05.05-17.45.52:212][372]LogSlate: FSceneViewport::OnFocusLost() reason 0
[2018.05.05-17.45.52:362][384]LogSlate: Window 'Katt - Unreal Editor' being destroyed
[2018.05.05-17.45.52:566][385]Cmd: QUIT_EDITOR
[2018.05.05-17.45.52:581][385]LogWindowsTextInputMethodSystem: Display: IME system now deactivated.
[2018.05.05-17.45.52:581][385]LogWindowsTextInputMethodSystem: Display: IME system now deactivated.
[2018.05.05-17.45.52:593][385]LogSlate: Slate User Destroyed.  User Index 0, Is Virtual User: 0
[2018.05.05-17.45.52:593][385]LogExit: Preparing to exit.
[2018.05.05-17.45.53:731][385]LogDirectoryWatcher: A directory notification for 'E:/Unreal/TEST_UE4/Katt/Content/' was aborted.
[2018.05.05-17.45.53:753][385]LogExit: Editor shut down
[2018.05.05-17.45.53:761][385]LogExit: Transaction tracking system shut down
[2018.05.05-17.45.53:958][385]LogDirectoryWatcher: A directory notification for '../../../Engine/Content/' was aborted.
[2018.05.05-17.45.53:958][385]LogDirectoryWatcher: A directory notification for '../../../../Unreal/TEST_UE4/Katt/Content/' was aborted.
[2018.05.05-17.45.53:958][385]LogDirectoryWatcher: A directory notification for '../../Plugins/2D/Paper2D/Content/' was aborted.
[2018.05.05-17.45.53:958][385]LogDirectoryWatcher: A directory notification for '../../Plugins/Enterprise/DatasmithContent/Content/' was aborted.
[2018.05.05-17.45.53:958][385]LogDirectoryWatcher: A directory notification for '../../Plugins/Media/MediaCompositing/Content/' was aborted.
[2018.05.05-17.45.53:958][385]LogDirectoryWatcher: A directory notification for '../../Plugins/Runtime/AppleARKit/Content/' was aborted.
[2018.05.05-17.45.53:958][385]LogDirectoryWatcher: A directory notification for '../../Plugins/Runtime/Oculus/OculusVR/Content/' was aborted.
[2018.05.05-17.45.53:959][385]LogDirectoryWatcher: A directory notification for '../../Plugins/Runtime/Steam/SteamVR/Content/' was aborted.
[2018.05.05-17.45.54:013][385]LogExit: Object subsystem successfully closed.
[2018.05.05-17.45.54:033][385]LogShaderCompilers: Display: Shaders left to compile 0
[2018.05.05-17.45.54:037][385]LogD3D11RHI: Shutdown
[2018.05.05-17.45.54:037][385]LogD3D11RHI: CleanupD3DDevice
[2018.05.05-17.45.54:041][385]LogD3D11RHI: ~FD3D11DynamicRHI
[2018.05.05-17.45.54:051][385]LogModuleManager: Shutting down and abandoning module HierarchicalLODOutliner (576)
[2018.05.05-17.45.54:051][385]LogModuleManager: Shutting down and abandoning module SceneOutliner (574)
[2018.05.05-17.45.54:051][385]LogModuleManager: Shutting down and abandoning module AddContentDialog (572)
[2018.05.05-17.45.54:051][385]LogDirectoryWatcher: A directory notification for 'E:/UE_4.19/FeaturePacks/' was aborted.
[2018.05.05-17.45.54:052][385]LogModuleManager: Shutting down and abandoning module WidgetCarousel (571)
[2018.05.05-17.45.54:052][385]LogModuleManager: Shutting down and abandoning module EditorWidgets (568)
[2018.05.05-17.45.54:052][385]LogModuleManager: Shutting down and abandoning module CollectionManager (566)
[2018.05.05-17.45.54:052][385]LogDirectoryWatcher: A directory notification for 'E:/Unreal/TEST_UE4/Katt/Content/Collections/' was aborted.
[2018.05.05-17.45.54:052][385]LogDirectoryWatcher: A directory notification for 'E:/Unreal/TEST_UE4/Katt/Content/Developers/Jack/Collections/' was aborted.
[2018.05.05-17.45.54:052][385]LogDirectoryWatcher: A directory notification for 'E:/Unreal/TEST_UE4/Katt/Saved/Collections/' was aborted.
[2018.05.05-17.45.54:052][385]LogModuleManager: Shutting down and abandoning module HierarchicalLODUtilities (564)
[2018.05.05-17.45.54:052][385]LogModuleManager: Shutting down and abandoning module StatsViewer (562)
[2018.05.05-17.45.54:052][385]LogModuleManager: Shutting down and abandoning module FoliageEdit (560)
[2018.05.05-17.45.54:052][385]LogModuleManager: Shutting down and abandoning module LandscapeEditor (558)
[2018.05.05-17.45.54:052][385]LogModuleManager: Shutting down and abandoning module MeshPaintMode (556)
[2018.05.05-17.45.54:052][385]LogModuleManager: Shutting down and abandoning module SceneDepthPickerMode (554)
[2018.05.05-17.45.54:052][385]LogModuleManager: Shutting down and abandoning module ActorPickerMode (552)
[2018.05.05-17.45.54:052][385]LogModuleManager: Shutting down and abandoning module GeometryMode (550)
[2018.05.05-17.45.54:052][385]LogModuleManager: Shutting down and abandoning module TextureAlignMode (548)
[2018.05.05-17.45.54:052][385]LogModuleManager: Shutting down and abandoning module BspMode (546)
[2018.05.05-17.45.54:052][385]LogModuleManager: Shutting down and abandoning module PIEPreviewDeviceProfileSelector (544)
[2018.05.05-17.45.54:052][385]LogModuleManager: Shutting down and abandoning module HardwareSurvey (542)
[2018.05.05-17.45.54:052][385]LogModuleManager: Shutting down and abandoning module SequenceRecorderSections (540)
[2018.05.05-17.45.54:052][385]LogModuleManager: Shutting down and abandoning module AutomationWorker (538)
[2018.05.05-17.45.54:052][385]LogModuleManager: Shutting down and abandoning module AudioCaptureEditor (536)
[2018.05.05-17.45.54:052][385]LogModuleManager: Shutting down and abandoning module SequenceRecorder (535)
[2018.05.05-17.45.54:052][385]LogModuleManager: Shutting down and abandoning module MatineeToLevelSequence (532)
[2018.05.05-17.45.54:053][385]LogModuleManager: Shutting down and abandoning module LevelSequenceEditor (530)
[2018.05.05-17.45.54:053][385]LogModuleManager: Shutting down and abandoning module PlacementMode (529)
[2018.05.05-17.45.54:053][385]LogModuleManager: Shutting down and abandoning module MaterialEditor (528)
[2018.05.05-17.45.54:053][385]LogModuleManager: Shutting down and abandoning module WmfMediaFactory (524)
[2018.05.05-17.45.54:053][385]LogModuleManager: Shutting down and abandoning module WmfMediaEditor (522)
[2018.05.05-17.45.54:053][385]LogModuleManager: Shutting down and abandoning module MediaPlayerEditor (520)
[2018.05.05-17.45.54:053][385]LogModuleManager: Shutting down and abandoning module OpenExrWrapper (518)
[2018.05.05-17.45.54:053][385]LogModuleManager: Shutting down and abandoning module ImgMediaFactory (516)
[2018.05.05-17.45.54:053][385]LogModuleManager: Shutting down and abandoning module ImgMediaEditor (514)
[2018.05.05-17.45.54:053][385]LogModuleManager: Shutting down and abandoning module AvfMediaFactory (512)
[2018.05.05-17.45.54:053][385]LogModuleManager: Shutting down and abandoning module AvfMediaEditor (510)
[2018.05.05-17.45.54:053][385]LogModuleManager: Shutting down and abandoning module AndroidMediaFactory (508)
[2018.05.05-17.45.54:053][385]LogModuleManager: Shutting down and abandoning module AndroidMediaEditor (506)
[2018.05.05-17.45.54:053][385]LogModuleManager: Shutting down and abandoning module CharacterAI (504)
[2018.05.05-17.45.54:053][385]LogModuleManager: Shutting down and abandoning module SmartSnapping (502)
[2018.05.05-17.45.54:053][385]LogModuleManager: Shutting down and abandoning module SessionServices (500)
[2018.05.05-17.45.54:053][385]LogModuleManager: Shutting down and abandoning module ViewportSnapping (498)
[2018.05.05-17.45.54:053][385]LogModuleManager: Shutting down and abandoning module ViewportInteraction (496)
[2018.05.05-17.45.54:053][385]LogModuleManager: Shutting down and abandoning module ClothPainter (494)
[2018.05.05-17.45.54:053][385]LogModuleManager: Shutting down and abandoning module SkeletalMeshEditor (493)
[2018.05.05-17.45.54:053][385]LogModuleManager: Shutting down and abandoning module LogVisualizer (490)
[2018.05.05-17.45.54:053][385]LogModuleManager: Shutting down and abandoning module IntroTutorials (488)
[2018.05.05-17.45.54:053][385]LogModuleManager: Shutting down and abandoning module GameProjectGeneration (487)
[2018.05.05-17.45.54:053][385]LogModuleManager: Shutting down and abandoning module IOSPlatformEditor (484)
[2018.05.05-17.45.54:053][385]LogModuleManager: Shutting down and abandoning module HTML5PlatformEditor (482)
[2018.05.05-17.45.54:053][385]LogModuleManager: Shutting down and abandoning module AndroidPlatformEditor (480)
[2018.05.05-17.45.54:053][385]LogModuleManager: Shutting down and abandoning module AndroidDeviceDetection (479)
[2018.05.05-17.45.54:104][385]LogModuleManager: Shutting down and abandoning module WindowsPlatformEditor (476)
[2018.05.05-17.45.54:104][385]LogModuleManager: Shutting down and abandoning module IOSRuntimeSettings (474)
[2018.05.05-17.45.54:104][385]LogModuleManager: Shutting down and abandoning module AndroidRuntimeSettings (472)
[2018.05.05-17.45.54:104][385]LogModuleManager: Shutting down and abandoning module InputBindingEditor (470)
[2018.05.05-17.45.54:104][385]LogModuleManager: Shutting down and abandoning module MergeActors (468)
[2018.05.05-17.45.54:104][385]LogModuleManager: Shutting down and abandoning module LocalizationDashboard (466)
[2018.05.05-17.45.54:104][385]LogModuleManager: Shutting down and abandoning module LocalizationService (465)
[2018.05.05-17.45.54:104][385]LogModuleManager: Shutting down and abandoning module HardwareTargeting (462)
[2018.05.05-17.45.54:104][385]LogModuleManager: Shutting down and abandoning module DeviceProfileEditor (460)
[2018.05.05-17.45.54:104][385]LogModuleManager: Shutting down and abandoning module UndoHistory (458)
[2018.05.05-17.45.54:104][385]LogModuleManager: Shutting down and abandoning module XmlParser (456)
[2018.05.05-17.45.54:104][385]LogModuleManager: Shutting down and abandoning module Blutility (454)
[2018.05.05-17.45.54:104][385]LogModuleManager: Shutting down and abandoning module ProjectSettingsViewer (452)
[2018.05.05-17.45.54:104][385]LogModuleManager: Shutting down and abandoning module ProjectTargetPlatformEditor (451)
[2018.05.05-17.45.54:104][385]LogModuleManager: Shutting down and abandoning module EditorSettingsViewer (448)
[2018.05.05-17.45.54:104][385]LogModuleManager: Shutting down and abandoning module SettingsEditor (446)
[2018.05.05-17.45.54:104][385]LogModuleManager: Shutting down and abandoning module ProjectLauncher (444)
[2018.05.05-17.45.54:104][385]LogModuleManager: Shutting down and abandoning module SessionFrontend (442)
[2018.05.05-17.45.54:104][385]LogModuleManager: Shutting down and abandoning module ProfilerClient (440)
[2018.05.05-17.45.54:104][385]LogModuleManager: Shutting down and abandoning module DeviceManager (438)
[2018.05.05-17.45.54:104][385]LogModuleManager: Shutting down and abandoning module TargetDeviceServices (437)
[2018.05.05-17.45.54:157][385]LogModuleManager: Shutting down and abandoning module AutomationController (434)
[2018.05.05-17.45.54:157][385]LogModuleManager: Shutting down and abandoning module AutomationWindow (432)
[2018.05.05-17.45.54:157][385]LogModuleManager: Shutting down and abandoning module Layers (430)
[2018.05.05-17.45.54:157][385]LogModuleManager: Shutting down and abandoning module ComponentVisualizers (428)
[2018.05.05-17.45.54:157][385]LogModuleManager: Shutting down and abandoning module DetailCustomizations (426)
[2018.05.05-17.45.54:157][385]LogModuleManager: Shutting down and abandoning module PackagesDialog (424)
[2018.05.05-17.45.54:158][385]LogModuleManager: Shutting down and abandoning module Persona (422)
[2018.05.05-17.45.54:158][385]LogModuleManager: Shutting down and abandoning module AdvancedPreviewScene (421)
[2018.05.05-17.45.54:158][385]LogModuleManager: Shutting down and abandoning module AnimGraph (419)
[2018.05.05-17.45.54:158][385]LogModuleManager: Shutting down and abandoning module Kismet (416)
[2018.05.05-17.45.54:158][385]LogModuleManager: Shutting down and abandoning module GraphEditor (414)
[2018.05.05-17.45.54:158][385]LogModuleManager: Shutting down and abandoning module ClassViewer (412)
[2018.05.05-17.45.54:158][385]LogModuleManager: Shutting down and abandoning module Toolbox (410)
[2018.05.05-17.45.54:158][385]LogModuleManager: Shutting down and abandoning module ModuleUI (408)
[2018.05.05-17.45.54:158][385]LogModuleManager: Shutting down and abandoning module MovieSceneTools (406)
[2018.05.05-17.45.54:158][385]LogModuleManager: Shutting down and abandoning module OutputLog (404)
[2018.05.05-17.45.54:158][385]LogModuleManager: Shutting down and abandoning module GammaUI (402)
[2018.05.05-17.45.54:158][385]LogModuleManager: Shutting down and abandoning module Documentation (400)
[2018.05.05-17.45.54:158][385]LogModuleManager: Shutting down and abandoning module MovieSceneTracks (398)
[2018.05.05-17.45.54:158][385]LogModuleManager: Shutting down and abandoning module MovieScene (396)
[2018.05.05-17.45.54:158][385]LogModuleManager: Shutting down and abandoning module StreamingPauseRendering (394)
[2018.05.05-17.45.54:158][385]LogModuleManager: Shutting down and abandoning module LauncherPlatform (392)
[2018.05.05-17.45.54:158][385]LogModuleManager: Shutting down and abandoning module AnalyticsET (390)
[2018.05.05-17.45.54:158][385]LogModuleManager: Shutting down and abandoning module PortalServices (388)
[2018.05.05-17.45.54:158][385]LogModuleManager: Shutting down and abandoning module PortalRpc (386)
[2018.05.05-17.45.54:158][385]LogModuleManager: Shutting down and abandoning module MessagingRpc (384)
[2018.05.05-17.45.54:158][385]LogModuleManager: Shutting down and abandoning module AIModule (382)
[2018.05.05-17.45.54:158][385]LogModuleManager: Shutting down and abandoning module GameplayDebugger (381)
[2018.05.05-17.45.54:158][385]LogModuleManager: Shutting down and abandoning module AITestSuite (379)
[2018.05.05-17.45.54:158][385]LogModuleManager: Shutting down and abandoning module DesktopPlatform (376)
[2018.05.05-17.45.54:158][385]LogModuleManager: Shutting down and abandoning module ProfilerService (374)
[2018.05.05-17.45.54:171][385]LogModuleManager: Shutting down and abandoning module TaskGraph (372)
[2018.05.05-17.45.54:171][385]LogModuleManager: Shutting down and abandoning module SteamVRController (370)
[2018.05.05-17.45.54:171][385]LogModuleManager: Shutting down and abandoning module ProceduralMeshComponentEditor (368)
[2018.05.05-17.45.54:171][385]LogModuleManager: Shutting down and abandoning module ProceduralMeshComponent (366)
[2018.05.05-17.45.54:171][385]LogModuleManager: Shutting down and abandoning module OculusInput (364)
[2018.05.05-17.45.54:171][385]LogModuleManager: Shutting down and abandoning module MobilePatchingUtils (362)
[2018.05.05-17.45.54:171][385]LogModuleManager: Shutting down and abandoning module CustomMeshComponent (360)
[2018.05.05-17.45.54:171][385]LogModuleManager: Shutting down and abandoning module CableComponent (358)
[2018.05.05-17.45.54:171][385]LogModuleManager: Shutting down and abandoning module AudioCapture (356)
[2018.05.05-17.45.54:171][385]LogModuleManager: Shutting down and abandoning module ArchVisCharacter (354)
[2018.05.05-17.45.54:171][385]LogModuleManager: Shutting down and abandoning module AndroidPermission (352)
[2018.05.05-17.45.54:171][385]LogModuleManager: Shutting down and abandoning module NUTUnrealEngine4 (348)
[2018.05.05-17.45.54:171][385]LogModuleManager: Shutting down and abandoning module NetcodeUnitTest (346)
[2018.05.05-17.45.54:171][385]LogModuleManager: Shutting down and abandoning module MediaCompositingEditor (344)
[2018.05.05-17.45.54:171][385]LogModuleManager: Shutting down and abandoning module MediaCompositing (342)
[2018.05.05-17.45.54:171][385]LogModuleManager: Shutting down and abandoning module LinearTimecode (340)
[2018.05.05-17.45.54:171][385]LogModuleManager: Shutting down and abandoning module ImgMedia (338)
[2018.05.05-17.45.54:174][385]LogModuleManager: Shutting down and abandoning module HTML5Networking (336)
[2018.05.05-17.45.54:174][385]LogModuleManager: Shutting down and abandoning module AlembicImporter (334)
[2018.05.05-17.45.54:174][385]LogModuleManager: Shutting down and abandoning module AlembicLibrary (333)
[2018.05.05-17.45.54:174][385]LogModuleManager: Shutting down and abandoning module GeometryCache (332)
[2018.05.05-17.45.54:174][385]LogModuleManager: Shutting down and abandoning module GeometryCacheEd (331)
[2018.05.05-17.45.54:174][385]LogModuleManager: Shutting down and abandoning module DatasmithContent (326)
[2018.05.05-17.45.54:174][385]LogModuleManager: Shutting down and abandoning module SpeedTreeImporter (324)
[2018.05.05-17.45.54:174][385]LogModuleManager: Shutting down and abandoning module PluginBrowser (322)
[2018.05.05-17.45.54:174][385]LogModuleManager: Shutting down and abandoning module MobileLauncherProfileWizard (320)
[2018.05.05-17.45.54:174][385]LogModuleManager: Shutting down and abandoning module CryptoKeysOpenSSL (318)
[2018.05.05-17.45.54:174][385]LogModuleManager: Shutting down and abandoning module CryptoKeys (316)
[2018.05.05-17.45.54:174][385]LogModuleManager: Shutting down and abandoning module VisualStudioSourceCodeAccess (314)
[2018.05.05-17.45.54:174][385]LogModuleManager: Shutting down and abandoning module VisualStudioCodeSourceCodeAccess (312)
[2018.05.05-17.45.54:174][385]LogModuleManager: Shutting down and abandoning module UObjectPlugin (310)
[2018.05.05-17.45.54:174][385]LogModuleManager: Shutting down and abandoning module SubversionSourceControl (308)
[2018.05.05-17.45.54:174][385]LogModuleManager: Shutting down and abandoning module PerforceSourceControl (306)
[2018.05.05-17.45.54:174][385]LogModuleManager: Shutting down and abandoning module GitSourceControl (304)
[2018.05.05-17.45.54:174][385]LogModuleManager: Shutting down and abandoning module SourceControl (303)
[2018.05.05-17.45.54:174][385]LogModuleManager: Shutting down and abandoning module CLionSourceCodeAccess (300)
[2018.05.05-17.45.54:174][385]LogModuleManager: Shutting down and abandoning module LightPropagationVolumeEditor (298)
[2018.05.05-17.45.54:174][385]LogModuleManager: Shutting down and abandoning module PaperTiledImporter (296)
[2018.05.05-17.45.54:174][385]LogModuleManager: Shutting down and abandoning module PaperSpriteSheetImporter (294)
[2018.05.05-17.45.54:174][385]LogModuleManager: Shutting down and abandoning module Paper2DEditor (292)
[2018.05.05-17.45.54:175][385]LogModuleManager: Shutting down and abandoning module MeshPaint (291)
[2018.05.05-17.45.54:175][385]LogModuleManager: Shutting down and abandoning module RuntimePhysXCooking (288)
[2018.05.05-17.45.54:175][385]LogModuleManager: Shutting down and abandoning module PhysXVehiclesEditor (286)
[2018.05.05-17.45.54:175][385]LogModuleManager: Shutting down and abandoning module PhysXVehicles (284)
[2018.05.05-17.45.54:175][385]LogModuleManager: Shutting down and abandoning module OculusEditor (282)
[2018.05.05-17.45.54:175][385]LogModuleManager: Shutting down and abandoning module LocationServicesBPLibrary (280)
[2018.05.05-17.45.54:175][385]LogModuleManager: Shutting down and abandoning module ImmediatePhysicsEditor (278)
[2018.05.05-17.45.54:175][385]LogModuleManager: Shutting down and abandoning module ImmediatePhysics (276)
[2018.05.05-17.45.54:175][385]LogModuleManager: Shutting down and abandoning module ActorSequence (274)
[2018.05.05-17.45.54:175][385]LogModuleManager: Shutting down and abandoning module UdpMessaging (272)
[2018.05.05-17.45.54:275][385]LogModuleManager: Shutting down and abandoning module TcpMessaging (270)
[2018.05.05-17.45.54:664][385]LogModuleManager: Shutting down and abandoning module GameplayTagsEditor (268)
[2018.05.05-17.45.54:664][385]LogModuleManager: Shutting down and abandoning module FacialAnimationEditor (266)
[2018.05.05-17.45.54:664][385]LogModuleManager: Shutting down and abandoning module FacialAnimation (264)
[2018.05.05-17.45.54:664][385]LogModuleManager: Shutting down and abandoning module DataValidation (262)
[2018.05.05-17.45.54:664][385]LogModuleManager: Shutting down and abandoning module AssetManagerEditor (260)
[2018.05.05-17.45.54:665][385]LogModuleManager: Shutting down and abandoning module LevelEditor (259)
[2018.05.05-17.45.54:666][385]LogModuleManager: Shutting down and abandoning module PixelInspectorModule (258)
[2018.05.05-17.45.54:666][385]LogModuleManager: Shutting down and abandoning module CommonMenuExtensions (256)
[2018.05.05-17.45.54:666][385]LogModuleManager: Shutting down and abandoning module MainFrame (254)
[2018.05.05-17.45.54:666][385]LogModuleManager: Shutting down and abandoning module HotReload (253)
[2018.05.05-17.45.54:667][385]LogModuleManager: Shutting down and abandoning module ContentBrowser (249)
[2018.05.05-17.45.54:668][385]LogModuleManager: Shutting down and abandoning module TreeMap (247)
[2018.05.05-17.45.54:669][385]LogModuleManager: Shutting down and abandoning module LightPropagationVolumeRuntime (244)
[2018.05.05-17.45.54:669][385]LogModuleManager: Shutting down and abandoning module LiveLinkEditor (242)
[2018.05.05-17.45.54:669][385]LogModuleManager: Shutting down and abandoning module LiveLink (240)
[2018.05.05-17.45.55:415][385]LogModuleManager: Shutting down and abandoning module Paper2D (238)
[2018.05.05-17.45.55:415][385]LogModuleManager: Shutting down and abandoning module WindowsMoviePlayer (236)
[2018.05.05-17.45.55:415][385]LogModuleManager: Shutting down and abandoning module WmfMedia (234)
[2018.05.05-17.45.55:423][385]LogModuleManager: Shutting down and abandoning module Media (233)
[2018.05.05-17.45.55:430][385]LogModuleManager: Shutting down and abandoning module PacketHandler (230)
[2018.05.05-17.45.55:430][385]LogModuleManager: Shutting down and abandoning module ClothingSystemEditor (228)
[2018.05.05-17.45.55:430][385]LogModuleManager: Shutting down and abandoning module ClothingSystemRuntime (226)
[2018.05.05-17.45.55:430][385]LogModuleManager: Shutting down and abandoning module MediaAssets (224)
[2018.05.05-17.45.55:430][385]LogModuleManager: Shutting down and abandoning module Overlay (222)
[2018.05.05-17.45.55:430][385]LogModuleManager: Shutting down and abandoning module OverlayEditor (221)
[2018.05.05-17.45.55:430][385]LogModuleManager: Shutting down and abandoning module VREditor (218)
[2018.05.05-17.45.55:430][385]LogModuleManager: Shutting down and abandoning module StringTableEditor (216)
[2018.05.05-17.45.55:430][385]LogModuleManager: Shutting down and abandoning module GameplayTasksEditor (214)
[2018.05.05-17.45.55:430][385]LogModuleManager: Shutting down and abandoning module BehaviorTreeEditor (212)
[2018.05.05-17.45.55:430][385]LogModuleManager: Shutting down and abandoning module FunctionalTesting (210)
[2018.05.05-17.45.55:430][385]LogModuleManager: Shutting down and abandoning module CollisionAnalyzer (208)
[2018.05.05-17.45.55:430][385]LogModuleManager: Shutting down and abandoning module WorkspaceMenuStructure (207)
[2018.05.05-17.45.55:430][385]LogModuleManager: Shutting down and abandoning module UMG (204)
[2018.05.05-17.45.55:430][385]LogModuleManager: Shutting down and abandoning module UMGEditor (203)
[2018.05.05-17.45.55:430][385]LogModuleManager: Shutting down and abandoning module Sequencer (202)
[2018.05.05-17.45.55:431][385]LogModuleManager: Shutting down and abandoning module MessageLog (199)
[2018.05.05-17.45.55:431][385]LogModuleManager: Shutting down and abandoning module SlateReflector (194)
[2018.05.05-17.45.55:431][385]LogModuleManager: Shutting down and abandoning module Slate (192)
[2018.05.05-17.45.55:431][385]LogModuleManager: Shutting down and abandoning module EditorStyle (190)
[2018.05.05-17.45.55:434][385]LogModuleManager: Shutting down and abandoning module MRMesh (188)
[2018.05.05-17.45.55:434][385]LogModuleManager: Shutting down and abandoning module SourceCodeAccess (186)
[2018.05.05-17.45.55:434][385]LogModuleManager: Shutting down and abandoning module HeadMountedDisplay (184)
[2018.05.05-17.45.55:434][385]LogModuleManager: Shutting down and abandoning module XAudio2 (182)
[2018.05.05-17.45.55:434][385]LogModuleManager: Shutting down and abandoning module Networking (180)
[2018.05.05-17.45.55:434][385]LogModuleManager: Shutting down and abandoning module Core (178)
[2018.05.05-17.45.55:434][385]LogModuleManager: Shutting down and abandoning module LevelSequence (176)
[2018.05.05-17.45.55:434][385]LogModuleManager: Shutting down and abandoning module KismetCompiler (174)
[2018.05.05-17.45.55:434][385]LogModuleManager: Shutting down and abandoning module MeshUtilities (172)
[2018.05.05-17.45.55:435][385]LogModuleManager: Shutting down and abandoning module MeshMergeUtilities (171)
[2018.05.05-17.45.55:435][385]LogModuleManager: Shutting down and abandoning module MeshReductionInterface (170)
[2018.05.05-17.45.55:435][385]LogModuleManager: Shutting down and abandoning module SimplygonSwarm (169)
[2018.05.05-17.45.55:435][385]LogModuleManager: Shutting down and abandoning module SimplygonMeshReduction (167)
[2018.05.05-17.45.55:435][385]LogModuleManager: Shutting down and abandoning module QuadricMeshReduction (165)
[2018.05.05-17.45.55:435][385]LogModuleManager: Shutting down and abandoning module MaterialBaking (161)
[2018.05.05-17.45.55:435][385]LogModuleManager: Shutting down and abandoning module DirectoryWatcher (157)
[2018.05.05-17.45.55:437][385]LogModuleManager: Shutting down and abandoning module DerivedDataCache (154)
[2018.05.05-17.45.55:530][385]LogDerivedDataCache: Shutdown
[2018.05.05-17.45.55:530][385]LogModuleManager: Shutting down and abandoning module XGEController (152)
[2018.05.05-17.45.55:530][385]LogModuleManager: Shutting down and abandoning module TargetPlatform (150)
[2018.05.05-17.45.55:530][385]LogModuleManager: Shutting down and abandoning module VulkanShaderFormat (149)
[2018.05.05-17.45.55:530][385]LogModuleManager: Shutting down and abandoning module ShaderFormatVectorVM (147)
[2018.05.05-17.45.55:530][385]LogModuleManager: Shutting down and abandoning module ShaderFormatOpenGL (145)
[2018.05.05-17.45.55:530][385]LogModuleManager: Shutting down and abandoning module ShaderFormatD3D (143)
[2018.05.05-17.45.55:530][385]LogModuleManager: Shutting down and abandoning module MetalShaderFormat (141)
[2018.05.05-17.45.55:530][385]LogModuleManager: Shutting down and abandoning module TextureFormatUncompressed (139)
[2018.05.05-17.45.55:530][385]LogModuleManager: Shutting down and abandoning module TextureFormatPVR (137)
[2018.05.05-17.45.55:530][385]LogModuleManager: Shutting down and abandoning module TextureFormatDXT (135)
[2018.05.05-17.45.55:530][385]LogModuleManager: Shutting down and abandoning module TextureFormatIntelISPCTexComp (133)
[2018.05.05-17.45.55:530][385]LogModuleManager: Shutting down and abandoning module TextureFormatASTC (131)
[2018.05.05-17.45.55:530][385]LogModuleManager: Shutting down and abandoning module ImageWrapper (130)
[2018.05.05-17.45.55:530][385]LogModuleManager: Shutting down and abandoning module TextureFormatAndroid (127)
[2018.05.05-17.45.55:531][385]LogModuleManager: Shutting down and abandoning module AudioFormatOpus (125)
[2018.05.05-17.45.55:531][385]LogModuleManager: Shutting down and abandoning module AudioFormatOgg (123)
[2018.05.05-17.45.55:531][385]LogModuleManager: Shutting down and abandoning module AudioFormatADPCM (121)
[2018.05.05-17.45.55:531][385]LogModuleManager: Shutting down and abandoning module LinuxTargetPlatform (119)
[2018.05.05-17.45.55:531][385]LogModuleManager: Shutting down and abandoning module LinuxServerTargetPlatform (117)
[2018.05.05-17.45.55:531][385]LogModuleManager: Shutting down and abandoning module LinuxNoEditorTargetPlatform (115)
[2018.05.05-17.45.55:531][385]LogModuleManager: Shutting down and abandoning module LinuxClientTargetPlatform (113)
[2018.05.05-17.45.55:531][385]LogModuleManager: Shutting down and abandoning module TVOSTargetPlatform (111)
[2018.05.05-17.45.55:531][385]LogModuleManager: Shutting down and abandoning module Messaging (109)
[2018.05.05-17.45.55:531][385]LogModuleManager: Shutting down and abandoning module IOSTargetPlatform (107)
[2018.05.05-17.45.55:531][385]LogModuleManager: Shutting down and abandoning module HTML5TargetPlatform (105)
[2018.05.05-17.45.55:531][385]LogModuleManager: Shutting down and abandoning module AndroidTargetPlatform (103)
[2018.05.05-17.45.55:531][385]LogModuleManager: Shutting down and abandoning module Android_PVRTCTargetPlatform (101)
[2018.05.05-17.45.55:531][385]LogModuleManager: Shutting down and abandoning module Android_MultiTargetPlatform (99)
[2018.05.05-17.45.55:531][385]LogModuleManager: Shutting down and abandoning module Android_ETC2TargetPlatform (97)
[2018.05.05-17.45.55:531][385]LogModuleManager: Shutting down and abandoning module Android_ETC1TargetPlatform (95)
[2018.05.05-17.45.55:531][385]LogModuleManager: Shutting down and abandoning module Android_ETC1aTargetPlatform (93)
[2018.05.05-17.45.55:531][385]LogModuleManager: Shutting down and abandoning module Android_DXTTargetPlatform (91)
[2018.05.05-17.45.55:531][385]LogModuleManager: Shutting down and abandoning module Android_ATCTargetPlatform (89)
[2018.05.05-17.45.55:531][385]LogModuleManager: Shutting down and abandoning module Android_ASTCTargetPlatform (87)
[2018.05.05-17.45.55:531][385]LogModuleManager: Shutting down and abandoning module WindowsTargetPlatform (85)
[2018.05.05-17.45.55:531][385]LogModuleManager: Shutting down and abandoning module WindowsServerTargetPlatform (83)
[2018.05.05-17.45.55:531][385]LogModuleManager: Shutting down and abandoning module WindowsNoEditorTargetPlatform (81)
[2018.05.05-17.45.55:531][385]LogModuleManager: Shutting down and abandoning module WindowsClientTargetPlatform (79)
[2018.05.05-17.45.55:531][385]LogModuleManager: Shutting down and abandoning module MacTargetPlatform (77)
[2018.05.05-17.45.55:531][385]LogModuleManager: Shutting down and abandoning module MacServerTargetPlatform (75)
[2018.05.05-17.45.55:532][385]LogModuleManager: Shutting down and abandoning module MacNoEditorTargetPlatform (73)
[2018.05.05-17.45.55:532][385]LogModuleManager: Shutting down and abandoning module MacClientTargetPlatform (71)
[2018.05.05-17.45.55:532][385]LogModuleManager: Shutting down and abandoning module AllDesktopTargetPlatform (69)
[2018.05.05-17.45.55:532][385]LogModuleManager: Shutting down and abandoning module InputCore (66)
[2018.05.05-17.45.55:532][385]LogModuleManager: Shutting down and abandoning module Settings (64)
[2018.05.05-17.45.55:532][385]LogModuleManager: Shutting down and abandoning module PhysXCooking (62)
[2018.05.05-17.45.55:532][385]LogModuleManager: Shutting down and abandoning module SteamVR (60)
[2018.05.05-17.45.55:532][385]LogModuleManager: Shutting down and abandoning module OculusHMD (58)
[2018.05.05-17.45.55:532][385]LogModuleManager: Shutting down and abandoning module ExampleDeviceProfileSelector (56)
[2018.05.05-17.45.55:532][385]LogModuleManager: Shutting down and abandoning module AppleARKit (54)
[2018.05.05-17.45.55:532][385]LogModuleManager: Shutting down and abandoning module AugmentedReality (51)
[2018.05.05-17.45.55:532][385]LogModuleManager: Shutting down and abandoning module OnlineBlueprintSupport (48)
[2018.05.05-17.45.55:532][385]LogModuleManager: Shutting down and abandoning module OnlineSubsystem (44)
[2018.05.05-17.45.55:532][385]LogModuleManager: Shutting down and abandoning module XMPP (43)
[2018.05.05-17.45.55:532][385]LogModuleManager: Shutting down and abandoning module HTTP (41)
[2018.05.05-17.45.55:532][385]LogHttp: Display: Http module shutting down, but needs to wait on 1 outstanding Http requests:
[2018.05.05-17.45.55:532][385]LogHttp: Display: 	verb=[POST] url=[https://datarouter.ol.epicgames.com/datarouter/api/v1/public/data?SessionID=%7BE8902649-42A0-22B6-CD45-0FA407EE2DCA%7D&AppID=UEEditor.Rocket.Release&AppVersion=4.19.2-4033788%2B%2B%2BUE4%2BRelease-4.19&UserID=716349b64b804c490d72bb8ee934b668%7C4c2f4572fd394d8d98bb53e7af1e5ee1%7C39c7351f-430b-4837-9904-11782f39662e&AppEnvironment=datacollector-binary&UploadType=eteventstream] status=Processing
[2018.05.05-17.45.55:555][385]LogModuleManager: Shutting down and abandoning module SSL (40)
[2018.05.05-17.45.55:557][385]LogModuleManager: Shutting down and abandoning module AnimationModifiers (36)
[2018.05.05-17.45.55:557][385]LogModuleManager: Shutting down and abandoning module PropertyEditor (35)
[2018.05.05-17.45.55:557][385]LogModuleManager: Shutting down and abandoning module AudioEditor (32)
[2018.05.05-17.45.55:557][385]LogModuleManager: Shutting down and abandoning module TextureCompressor (30)
[2018.05.05-17.45.55:558][385]LogModuleManager: Shutting down and abandoning module ShaderCore (28)
[2018.05.05-17.45.55:558][385]LogModuleManager: Shutting down and abandoning module Landscape (26)
[2018.05.05-17.45.55:558][385]LogModuleManager: Shutting down and abandoning module SlateRHIRenderer (24)
[2018.05.05-17.45.55:562][385]LogModuleManager: Shutting down and abandoning module OpenGLDrv (22)
[2018.05.05-17.45.55:562][385]LogModuleManager: Shutting down and abandoning module D3D11RHI (20)
[2018.05.05-17.45.55:562][385]LogModuleManager: Shutting down and abandoning module AnimGraphRuntime (18)
[2018.05.05-17.45.55:562][385]LogModuleManager: Shutting down and abandoning module Renderer (16)
[2018.05.05-17.45.55:562][385]LogModuleManager: Shutting down and abandoning module Engine (14)
[2018.05.05-17.45.55:562][385]LogModuleManager: Shutting down and abandoning module CoreUObject (12)
[2018.05.05-17.45.55:562][385]LogModuleManager: Shutting down and abandoning module NetworkFile (10)
[2018.05.05-17.45.55:562][385]LogModuleManager: Shutting down and abandoning module CookedIterativeFile (8)
[2018.05.05-17.45.55:562][385]LogModuleManager: Shutting down and abandoning module StreamingFile (6)
[2018.05.05-17.45.55:562][385]LogModuleManager: Shutting down and abandoning module SandboxFile (4)
[2018.05.05-17.45.55:562][385]LogModuleManager: Shutting down and abandoning module PakFile (2)
[2018.05.05-17.45.55:579][385]LogExit: Exiting.
[2018.05.05-17.45.55:603][385]Log file closed, 05/05/18 19:45:55
